<?xml version="1.0" encoding="UTF-8"?>
<!-- Generated by org.testng.reporters.JUnitXMLReporter -->
<testsuite hostname="EPBYMINW3264" ignored="0" name="RegressionTests" tests="9" failures="2" timestamp="14 May 2020 14:32:09 GMT" time="52.236" errors="0">
  <testcase name="testBasketPageIsDisplayed" time="9.35" classname="tests.VerifyHeaderButtonsAreClickable"/>
  <testcase name="testBookmarksPageIsDisplayed" time="0.0" classname="tests.VerifyHeaderButtonsAreClickable">
    <failure type="org.testng.TestNGException" message="
Parameter &amp;apos;Bookmarks&amp;apos; is required by @Test on method testBookmarksPageIsDisplayed but has not been marked @Optional or defined
in C:\OLD_PC\C\Users\Nastassia_Chaliapina\Desktop\Automation\TAM2018Q2_Repo-master\4FRAG_3\src\test\java\resources\TestngSmoke.xml">
      <![CDATA[org.testng.TestNGException: 
Parameter 'Bookmarks' is required by @Test on method testBookmarksPageIsDisplayed but has not been marked @Optional or defined
in C:\OLD_PC\C\Users\Nastassia_Chaliapina\Desktop\Automation\TAM2018Q2_Repo-master\4FRAG_3\src\test\java\resources\TestngSmoke.xml
at java.util.concurrent.FutureTask.run(FutureTask.java:266)
at java.util.concurrent.ThreadPoolExecutor.runWorker(ThreadPoolExecutor.java:1149)
at java.util.concurrent.ThreadPoolExecutor$Worker.run(ThreadPoolExecutor.java:624)
at java.lang.Thread.run(Thread.java:748)
... Removed 15 stack frames]]>
    </failure>
  </testcase> <!-- testBookmarksPageIsDisplayed -->
  <testcase name="testComparasionListPageIsDisplayed" time="4.036" classname="tests.VerifyHeaderButtonsAreClickable"/>
  <testcase name="testDeliveryPageIsDisplayed" time="5.602" classname="tests.VerifyHeaderButtonsAreClickable"/>
  <testcase name="testDiscountSystemPageIsDisplayed" time="5.796" classname="tests.VerifyHeaderButtonsAreClickable"/>
  <testcase name="testLoginWindowIsDisplayed" time="3.978" classname="tests.VerifyHeaderButtonsAreClickable"/>
  <testcase name="testPaymentPageIsDisplayed" time="4.901" classname="tests.VerifyHeaderButtonsAreClickable"/>
  <testcase name="testWarrantyPageIsDisplayed" time="4.597" classname="tests.VerifyHeaderButtonsAreClickable"/>
  <testcase name="testWishListPageIsDisplayed" time="0.0" classname="tests.VerifyHeaderButtonsAreClickable">
    <failure type="org.testng.TestNGException" message="
Parameter &amp;apos;Bookmarks&amp;apos; is required by @Test on method testWishListPageIsDisplayed but has not been marked @Optional or defined
in C:\OLD_PC\C\Users\Nastassia_Chaliapina\Desktop\Automation\TAM2018Q2_Repo-master\4FRAG_3\src\test\java\resources\TestngSmoke.xml">
      <![CDATA[org.testng.TestNGException: 
Parameter 'Bookmarks' is required by @Test on method testWishListPageIsDisplayed but has not been marked @Optional or defined
in C:\OLD_PC\C\Users\Nastassia_Chaliapina\Desktop\Automation\TAM2018Q2_Repo-master\4FRAG_3\src\test\java\resources\TestngSmoke.xml
at java.util.concurrent.FutureTask.run(FutureTask.java:266)
at java.util.concurrent.ThreadPoolExecutor.runWorker(ThreadPoolExecutor.java:1149)
at java.util.concurrent.ThreadPoolExecutor$Worker.run(ThreadPoolExecutor.java:624)
at java.lang.Thread.run(Thread.java:748)
... Removed 15 stack frames]]>
    </failure>
  </testcase> <!-- testWishListPageIsDisplayed -->
</testsuite> <!-- RegressionTests -->
