<html>
<head>
<title>TestNG:  RegressionTests</title>
<link href="../testng.css" rel="stylesheet" type="text/css" />
<link href="../my-testng.css" rel="stylesheet" type="text/css" />

<style type="text/css">
.log { display: none;} 
.stack-trace { display: none;} 
</style>
<script type="text/javascript">
<!--
function flip(e) {
  current = e.style.display;
  if (current == 'block') {
    e.style.display = 'none';
    return 0;
  }
  else {
    e.style.display = 'block';
    return 1;
  }
}

function toggleBox(szDivId, elem, msg1, msg2)
{
  var res = -1;  if (document.getElementById) {
    res = flip(document.getElementById(szDivId));
  }
  else if (document.all) {
    // this is the way old msie versions work
    res = flip(document.all[szDivId]);
  }
  if(elem) {
    if(res == 0) elem.innerHTML = msg1; else elem.innerHTML = msg2;
  }

}

function toggleAllBoxes() {
  if (document.getElementsByTagName) {
    d = document.getElementsByTagName('div');
    for (i = 0; i < d.length; i++) {
      if (d[i].className == 'log') {
        flip(d[i]);
      }
    }
  }
}

// -->
</script>

</head>
<body>
<h2 align='center'>RegressionTests</h2><table border='1' align="center">
<tr>
<td>Tests passed/Failed/Skipped:</td><td>7/2/0</td>
</tr><tr>
<td>Started on:</td><td>Thu May 14 16:39:03 MSK 2020</td>
</tr>
<tr><td>Total time:</td><td>52 seconds (52815 ms)</td>
</tr><tr>
<td>Included groups:</td><td></td>
</tr><tr>
<td>Excluded groups:</td><td></td>
</tr>
</table><p/>
<small><i>(Hover the method name to see the test class name)</i></small><p/>
<table width='100%' border='1' class='invocation-failed'>
<tr><td colspan='4' align='center'><b>FAILED TESTS</b></td></tr>
<tr><td><b>Test method</b></td>
<td width="30%"><b>Exception</b></td>
<td width="10%"><b>Time (seconds)</b></td>
<td><b>Instance</b></td>
</tr>
<tr>
<td title='tests.VerifyHeaderButtonsAreClickable.testBookmarksPageIsDisplayed()'><b>testBookmarksPageIsDisplayed</b><br>Test class: tests.VerifyHeaderButtonsAreClickable</td>
<td><div><pre>org.testng.TestNGException: 
Parameter &apos;Bookmarks&apos; is required by @Test on method testBookmarksPageIsDisplayed but has not been marked @Optional or defined
in C:\OLD_PC\C\Users\Nastassia_Chaliapina\Desktop\Automation\TAM2018Q2_Repo-master\4FRAG_3\src\test\java\resources\TestngSmoke.xml
	at java.util.concurrent.FutureTask.run(FutureTask.java:266)
	at java.util.concurrent.ThreadPoolExecutor.runWorker(ThreadPoolExecutor.java:1149)
	at java.util.concurrent.ThreadPoolExecutor$Worker.run(ThreadPoolExecutor.java:624)
	at java.lang.Thread.run(Thread.java:748)
... Removed 15 stack frames</pre></div><a href='#' onClick='toggleBox("stack-trace883412191", this, "Click to show all stack frames", "Click to hide stack frames")'>Click to show all stack frames</a>
<div class='stack-trace' id='stack-trace883412191'><pre>org.testng.TestNGException: 
Parameter &apos;Bookmarks&apos; is required by @Test on method testBookmarksPageIsDisplayed but has not been marked @Optional or defined
in C:\OLD_PC\C\Users\Nastassia_Chaliapina\Desktop\Automation\TAM2018Q2_Repo-master\4FRAG_3\src\test\java\resources\TestngSmoke.xml
	at org.testng.internal.Parameters.createParams(Parameters.java:290)
	at org.testng.internal.Parameters.createParametersForMethod(Parameters.java:359)
	at org.testng.internal.Parameters.createParameters(Parameters.java:620)
	at org.testng.internal.Parameters.handleParameters(Parameters.java:769)
	at org.testng.internal.ParameterHandler.handleParameters(ParameterHandler.java:49)
	at org.testng.internal.ParameterHandler.createParameters(ParameterHandler.java:37)
	at org.testng.internal.Invoker.invokeTestMethods(Invoker.java:924)
	at org.testng.internal.TestMethodWorker.invokeTestMethods(TestMethodWorker.java:125)
	at org.testng.internal.TestMethodWorker.run(TestMethodWorker.java:109)
	at org.testng.TestRunner.privateRun(TestRunner.java:648)
	at org.testng.TestRunner.run(TestRunner.java:505)
	at org.testng.SuiteRunner.runTest(SuiteRunner.java:455)
	at org.testng.SuiteRunner.access$000(SuiteRunner.java:40)
	at org.testng.SuiteRunner$SuiteWorker.run(SuiteRunner.java:489)
	at org.testng.internal.thread.ThreadUtil$1.call(ThreadUtil.java:52)
	at java.util.concurrent.FutureTask.run(FutureTask.java:266)
	at java.util.concurrent.ThreadPoolExecutor.runWorker(ThreadPoolExecutor.java:1149)
	at java.util.concurrent.ThreadPoolExecutor$Worker.run(ThreadPoolExecutor.java:624)
	at java.lang.Thread.run(Thread.java:748)
</pre></div></td>
<td>0</td>
<td>tests.VerifyHeaderButtonsAreClickable@5d3411d</td></tr>
<tr>
<td title='tests.VerifyHeaderButtonsAreClickable.testWishListPageIsDisplayed()'><b>testWishListPageIsDisplayed</b><br>Test class: tests.VerifyHeaderButtonsAreClickable</td>
<td><div><pre>org.testng.TestNGException: 
Parameter &apos;Bookmarks&apos; is required by @Test on method testWishListPageIsDisplayed but has not been marked @Optional or defined
in C:\OLD_PC\C\Users\Nastassia_Chaliapina\Desktop\Automation\TAM2018Q2_Repo-master\4FRAG_3\src\test\java\resources\TestngSmoke.xml
	at java.util.concurrent.FutureTask.run(FutureTask.java:266)
	at java.util.concurrent.ThreadPoolExecutor.runWorker(ThreadPoolExecutor.java:1149)
	at java.util.concurrent.ThreadPoolExecutor$Worker.run(ThreadPoolExecutor.java:624)
	at java.lang.Thread.run(Thread.java:748)
... Removed 15 stack frames</pre></div><a href='#' onClick='toggleBox("stack-trace415442495", this, "Click to show all stack frames", "Click to hide stack frames")'>Click to show all stack frames</a>
<div class='stack-trace' id='stack-trace415442495'><pre>org.testng.TestNGException: 
Parameter &apos;Bookmarks&apos; is required by @Test on method testWishListPageIsDisplayed but has not been marked @Optional or defined
in C:\OLD_PC\C\Users\Nastassia_Chaliapina\Desktop\Automation\TAM2018Q2_Repo-master\4FRAG_3\src\test\java\resources\TestngSmoke.xml
	at org.testng.internal.Parameters.createParams(Parameters.java:290)
	at org.testng.internal.Parameters.createParametersForMethod(Parameters.java:359)
	at org.testng.internal.Parameters.createParameters(Parameters.java:620)
	at org.testng.internal.Parameters.handleParameters(Parameters.java:769)
	at org.testng.internal.ParameterHandler.handleParameters(ParameterHandler.java:49)
	at org.testng.internal.ParameterHandler.createParameters(ParameterHandler.java:37)
	at org.testng.internal.Invoker.invokeTestMethods(Invoker.java:924)
	at org.testng.internal.TestMethodWorker.invokeTestMethods(TestMethodWorker.java:125)
	at org.testng.internal.TestMethodWorker.run(TestMethodWorker.java:109)
	at org.testng.TestRunner.privateRun(TestRunner.java:648)
	at org.testng.TestRunner.run(TestRunner.java:505)
	at org.testng.SuiteRunner.runTest(SuiteRunner.java:455)
	at org.testng.SuiteRunner.access$000(SuiteRunner.java:40)
	at org.testng.SuiteRunner$SuiteWorker.run(SuiteRunner.java:489)
	at org.testng.internal.thread.ThreadUtil$1.call(ThreadUtil.java:52)
	at java.util.concurrent.FutureTask.run(FutureTask.java:266)
	at java.util.concurrent.ThreadPoolExecutor.runWorker(ThreadPoolExecutor.java:1149)
	at java.util.concurrent.ThreadPoolExecutor$Worker.run(ThreadPoolExecutor.java:624)
	at java.lang.Thread.run(Thread.java:748)
</pre></div></td>
<td>0</td>
<td>tests.VerifyHeaderButtonsAreClickable@5d3411d</td></tr>
</table><p>
<table width='100%' border='1' class='invocation-passed'>
<tr><td colspan='4' align='center'><b>PASSED TESTS</b></td></tr>
<tr><td><b>Test method</b></td>
<td width="30%"><b>Exception</b></td>
<td width="10%"><b>Time (seconds)</b></td>
<td><b>Instance</b></td>
</tr>
<tr>
<td title='tests.VerifyHeaderButtonsAreClickable.testBasketPageIsDisplayed()'><b>testBasketPageIsDisplayed</b><br>Test class: tests.VerifyHeaderButtonsAreClickable<br>Parameters: Корзина</td>
<td></td>
<td>7</td>
<td>tests.VerifyHeaderButtonsAreClickable@5d3411d</td></tr>
<tr>
<td title='tests.VerifyHeaderButtonsAreClickable.testComparasionListPageIsDisplayed()'><b>testComparasionListPageIsDisplayed</b><br>Test class: tests.VerifyHeaderButtonsAreClickable<br>Parameters: Сравнение товаров</td>
<td></td>
<td>4</td>
<td>tests.VerifyHeaderButtonsAreClickable@5d3411d</td></tr>
<tr>
<td title='tests.VerifyHeaderButtonsAreClickable.testDeliveryPageIsDisplayed()'><b>testDeliveryPageIsDisplayed</b><br>Test class: tests.VerifyHeaderButtonsAreClickable<br>Parameters: Доставка</td>
<td></td>
<td>7</td>
<td>tests.VerifyHeaderButtonsAreClickable@5d3411d</td></tr>
<tr>
<td title='tests.VerifyHeaderButtonsAreClickable.testDiscountSystemPageIsDisplayed()'><b>testDiscountSystemPageIsDisplayed</b><br>Test class: tests.VerifyHeaderButtonsAreClickable<br>Parameters: Система скидок</td>
<td></td>
<td>6</td>
<td>tests.VerifyHeaderButtonsAreClickable@5d3411d</td></tr>
<tr>
<td title='tests.VerifyHeaderButtonsAreClickable.testLoginWindowIsDisplayed()'><b>testLoginWindowIsDisplayed</b><br>Test class: tests.VerifyHeaderButtonsAreClickable<br>Parameters: Вход/регистрация</td>
<td></td>
<td>3</td>
<td>tests.VerifyHeaderButtonsAreClickable@5d3411d</td></tr>
<tr>
<td title='tests.VerifyHeaderButtonsAreClickable.testPaymentPageIsDisplayed()'><b>testPaymentPageIsDisplayed</b><br>Test class: tests.VerifyHeaderButtonsAreClickable<br>Parameters: Оплата</td>
<td></td>
<td>4</td>
<td>tests.VerifyHeaderButtonsAreClickable@5d3411d</td></tr>
<tr>
<td title='tests.VerifyHeaderButtonsAreClickable.testWarrantyPageIsDisplayed()'><b>testWarrantyPageIsDisplayed</b><br>Test class: tests.VerifyHeaderButtonsAreClickable<br>Parameters: Гарантия</td>
<td></td>
<td>5</td>
<td>tests.VerifyHeaderButtonsAreClickable@5d3411d</td></tr>
</table><p>
</body>
</html>