<!DOCTYPE html PUBLIC "-//W3C//DTD XHTML 1.1//EN" "http://www.w3.org/TR/xhtml11/DTD/xhtml11.dtd">
<html xmlns="http://www.w3.org/1999/xhtml">
<head>
<meta http-equiv="content-type" content="text/html; charset=UTF-8"/>
<title>TestNG Report</title>
<style type="text/css">table {margin-bottom:10px;border-collapse:collapse;empty-cells:show}th,td {border:1px solid #009;padding:.25em .5em}th {vertical-align:bottom}td {vertical-align:top}table a {font-weight:bold}.stripe td {background-color: #E6EBF9}.num {text-align:right}.passedodd td {background-color: #3F3}.passedeven td {background-color: #0A0}.skippedodd td {background-color: #DDD}.skippedeven td {background-color: #CCC}.failedodd td,.attn {background-color: #F33}.failedeven td,.stripe .attn {background-color: #D00}.stacktrace {white-space:pre;font-family:monospace}.totop {font-size:85%;text-align:center;border-bottom:2px solid #000}.invisible {display:none}</style>
</head>
<body>
<table>
<tr><th>Test</th><th># Passed</th><th># Skipped</th><th># Failed</th><th>Time (ms)</th><th>Included Groups</th><th>Excluded Groups</th></tr>
<tr><th colspan="7">Test suite</th></tr>
<tr><th colspan="7">Regression test suite</th></tr>
<tr><td><a href="#t0">RegressionTests</a></td><td class="num">0</td><td class="num attn">13</td><td class="num">0</td><td class="num">8,123</td><td></td><td></td></tr>
</table>
<table id='summary'><thead><tr><th>Class</th><th>Method</th><th>Start</th><th>Time (ms)</th></tr></thead><tbody><tr><th colspan="4">Test suite</th></tr></tbody><tbody><tr><th colspan="4">Regression test suite</th></tr></tbody><tbody id="t0"><tr><th colspan="4">RegressionTests &#8212; failed (configuration methods)</th></tr><tr class="failedeven"><td rowspan="1">tests.VerifyHeaderButtonsAreClickable</td><td><a href="#m0">setUp</a></td><td rowspan="1">1592996276469</td><td rowspan="1">1602</td></tr><tr class="failedodd"><td rowspan="1">tests.VerifyLoginFunctionality</td><td><a href="#m1">setUp</a></td><td rowspan="1">1592996271398</td><td rowspan="1">2441</td></tr><tr class="failedeven"><td rowspan="1">tests.VerifyProductAdditionToComparasionList</td><td><a href="#m2">setUp</a></td><td rowspan="1">1592996275202</td><td rowspan="1">1266</td></tr><tr class="failedodd"><td rowspan="1">tests.VerifyProductIsAddedToCard</td><td><a href="#m3">setUp</a></td><td rowspan="1">1592996273851</td><td rowspan="1">1349</td></tr><tr class="failedeven"><td rowspan="1">tests.VerifyProductsCatalogOptions</td><td><a href="#m4">setUp</a></td><td rowspan="1">1592996278077</td><td rowspan="1">1433</td></tr><tr><th colspan="4">RegressionTests &#8212; skipped (configuration methods)</th></tr><tr class="skippedeven"><td rowspan="1">tests.VerifyHeaderButtonsAreClickable</td><td><a href="#m5">closeDown</a></td><td rowspan="1">1592996278076</td><td rowspan="1">0</td></tr><tr class="skippedodd"><td rowspan="1">tests.VerifyLoginFunctionality</td><td><a href="#m6">closeDown</a></td><td rowspan="1">1592996273851</td><td rowspan="1">0</td></tr><tr class="skippedeven"><td rowspan="1">tests.VerifyProductAdditionToComparasionList</td><td><a href="#m7">closeDown</a></td><td rowspan="1">1592996276469</td><td rowspan="1">0</td></tr><tr class="skippedodd"><td rowspan="1">tests.VerifyProductIsAddedToCard</td><td><a href="#m8">closeDown</a></td><td rowspan="1">1592996275202</td><td rowspan="1">0</td></tr><tr class="skippedeven"><td rowspan="1">tests.VerifyProductsCatalogOptions</td><td><a href="#m9">closeDown</a></td><td rowspan="1">1592996279511</td><td rowspan="1">0</td></tr><tr><th colspan="4">RegressionTests &#8212; skipped</th></tr><tr class="skippedeven"><td rowspan="9">tests.VerifyHeaderButtonsAreClickable</td><td><a href="#m10">testBasketPageIsDisplayed</a></td><td rowspan="1">1592996278073</td><td rowspan="1">0</td></tr><tr class="skippedeven"><td><a href="#m11">testBookmarksPageIsDisplayed</a></td><td rowspan="1">1592996278073</td><td rowspan="1">0</td></tr><tr class="skippedeven"><td><a href="#m12">testComparasionListPageIsDisplayed</a></td><td rowspan="1">1592996278074</td><td rowspan="1">0</td></tr><tr class="skippedeven"><td><a href="#m13">testDeliveryPageIsDisplayed</a></td><td rowspan="1">1592996278074</td><td rowspan="1">0</td></tr><tr class="skippedeven"><td><a href="#m14">testDiscountSystemPageIsDisplayed</a></td><td rowspan="1">1592996278075</td><td rowspan="1">0</td></tr><tr class="skippedeven"><td><a href="#m15">testLoginWindowIsDisplayed</a></td><td rowspan="1">1592996278075</td><td rowspan="1">0</td></tr><tr class="skippedeven"><td><a href="#m16">testPaymentPageIsDisplayed</a></td><td rowspan="1">1592996278075</td><td rowspan="1">1</td></tr><tr class="skippedeven"><td><a href="#m17">testWarrantyPageIsDisplayed</a></td><td rowspan="1">1592996278076</td><td rowspan="1">0</td></tr><tr class="skippedeven"><td><a href="#m18">testWishListPageIsDisplayed</a></td><td rowspan="1">1592996278076</td><td rowspan="1">0</td></tr><tr class="skippedodd"><td rowspan="1">tests.VerifyLoginFunctionality</td><td><a href="#m19">testLoginOption</a></td><td rowspan="1">1592996273851</td><td rowspan="1">0</td></tr><tr class="skippedeven"><td rowspan="1">tests.VerifyProductAdditionToComparasionList</td><td><a href="#m20">testProductAdditionToTheList</a></td><td rowspan="1">1592996276469</td><td rowspan="1">0</td></tr><tr class="skippedodd"><td rowspan="1">tests.VerifyProductIsAddedToCard</td><td><a href="#m21">testAdditionProductToCard</a></td><td rowspan="1">1592996275201</td><td rowspan="1">0</td></tr><tr class="skippedeven"><td rowspan="1">tests.VerifyProductsCatalogOptions</td><td><a href="#m22">testChooseProductFromCatalog</a></td><td rowspan="1">1592996279511</td><td rowspan="1">0</td></tr></tbody>
</table>
<h2>RegressionTests</h2><h3 id="m0">tests.VerifyHeaderButtonsAreClickable#setUp</h3><table class="result"><tr><th>Exception</th></tr><tr><td><div class="stacktrace">org.openqa.selenium.SessionNotCreatedException: session not created: This version of ChromeDriver only supports Chrome version 80
Build info: version: &apos;3.141.59&apos;, revision: &apos;e82be7d358&apos;, time: &apos;2018-11-14T08:17:03&apos;
System info: host: &apos;EPBYMINW3264&apos;, ip: &apos;100.64.100.82&apos;, os.name: &apos;Windows 10&apos;, os.arch: &apos;amd64&apos;, os.version: &apos;10.0&apos;, java.version: &apos;1.8.0_201&apos;
Driver info: driver.version: ChromeDriver
remote stacktrace: Backtrace:
	Ordinal0 [0x005D0C83+1707139]
	Ordinal0 [0x005368F1+1075441]
	Ordinal0 [0x004ADFC9+516041]
	Ordinal0 [0x00440554+66900]
	Ordinal0 [0x0043CCE2+52450]
	Ordinal0 [0x0045BFD7+180183]
	Ordinal0 [0x0045BDDD+179677]
	Ordinal0 [0x00459D4B+171339]
	Ordinal0 [0x00441D4A+73034]
	Ordinal0 [0x00442DC0+77248]
	Ordinal0 [0x00442D59+77145]
	Ordinal0 [0x0054BB67+1162087]
	GetHandleVerifier [0x0066A966+508998]
	GetHandleVerifier [0x0066A6A4+508292]
	GetHandleVerifier [0x0067F7B7+594583]
	GetHandleVerifier [0x0066B1D6+511158]
	Ordinal0 [0x0054402C+1130540]
	Ordinal0 [0x0054D4CB+1168587]
	Ordinal0 [0x0054D633+1168947]
	Ordinal0 [0x00565B35+1268533]
	BaseThreadInitThunk [0x76026359+25]
	RtlGetAppContainerNamedObjectPath [0x77BB7C24+228]
	RtlGetAppContainerNamedObjectPath [0x77BB7BF4+180]

	at org.openqa.selenium.remote.W3CHandshakeResponse.lambda$errorHandler$0(W3CHandshakeResponse.java:62)
	at org.openqa.selenium.remote.HandshakeResponse.lambda$getResponseFunction$0(HandshakeResponse.java:30)
	at org.openqa.selenium.remote.ProtocolHandshake.lambda$createSession$0(ProtocolHandshake.java:126)
	at java.util.stream.ReferencePipeline$3$1.accept(ReferencePipeline.java:193)
	at java.util.Spliterators$ArraySpliterator.tryAdvance(Spliterators.java:958)
	at java.util.stream.ReferencePipeline.forEachWithCancel(ReferencePipeline.java:126)
	at java.util.stream.AbstractPipeline.copyIntoWithCancel(AbstractPipeline.java:498)
	at java.util.stream.AbstractPipeline.copyInto(AbstractPipeline.java:485)
	at java.util.stream.AbstractPipeline.wrapAndCopyInto(AbstractPipeline.java:471)
	at java.util.stream.FindOps$FindOp.evaluateSequential(FindOps.java:152)
	at java.util.stream.AbstractPipeline.evaluate(AbstractPipeline.java:234)
	at java.util.stream.ReferencePipeline.findFirst(ReferencePipeline.java:464)
	at org.openqa.selenium.remote.ProtocolHandshake.createSession(ProtocolHandshake.java:128)
	at org.openqa.selenium.remote.ProtocolHandshake.createSession(ProtocolHandshake.java:74)
	at org.openqa.selenium.remote.HttpCommandExecutor.execute(HttpCommandExecutor.java:136)
	at org.openqa.selenium.remote.service.DriverCommandExecutor.execute(DriverCommandExecutor.java:83)
	at org.openqa.selenium.remote.RemoteWebDriver.execute(RemoteWebDriver.java:552)
	at org.openqa.selenium.remote.RemoteWebDriver.startSession(RemoteWebDriver.java:213)
	at org.openqa.selenium.remote.RemoteWebDriver.&lt;init&gt;(RemoteWebDriver.java:131)
	at org.openqa.selenium.chrome.ChromeDriver.&lt;init&gt;(ChromeDriver.java:181)
	at org.openqa.selenium.chrome.ChromeDriver.&lt;init&gt;(ChromeDriver.java:168)
	at org.openqa.selenium.chrome.ChromeDriver.&lt;init&gt;(ChromeDriver.java:123)
	at pages.basepagesconfiguration.BasePageClass.initializeDriver(BasePageClass.java:42)
	at pages.basepagesconfiguration.BasePageClass.setUp(BasePageClass.java:56)
	at java.util.concurrent.FutureTask.run(FutureTask.java:266)
	at java.util.concurrent.ThreadPoolExecutor.runWorker(ThreadPoolExecutor.java:1149)
	at java.util.concurrent.ThreadPoolExecutor$Worker.run(ThreadPoolExecutor.java:624)
	at java.lang.Thread.run(Thread.java:748)
... Removed 21 stack frames</div></td></tr></table><p class="totop"><a href="#summary">back to summary</a></p>
<h3 id="m1">tests.VerifyLoginFunctionality#setUp</h3><table class="result"><tr><th>Exception</th></tr><tr><td><div class="stacktrace">org.openqa.selenium.SessionNotCreatedException: session not created: This version of ChromeDriver only supports Chrome version 80
Build info: version: &apos;3.141.59&apos;, revision: &apos;e82be7d358&apos;, time: &apos;2018-11-14T08:17:03&apos;
System info: host: &apos;EPBYMINW3264&apos;, ip: &apos;100.64.100.82&apos;, os.name: &apos;Windows 10&apos;, os.arch: &apos;amd64&apos;, os.version: &apos;10.0&apos;, java.version: &apos;1.8.0_201&apos;
Driver info: driver.version: ChromeDriver
remote stacktrace: Backtrace:
	Ordinal0 [0x005D0C83+1707139]
	Ordinal0 [0x005368F1+1075441]
	Ordinal0 [0x004ADFC9+516041]
	Ordinal0 [0x00440554+66900]
	Ordinal0 [0x0043CCE2+52450]
	Ordinal0 [0x0045BFD7+180183]
	Ordinal0 [0x0045BDDD+179677]
	Ordinal0 [0x00459D4B+171339]
	Ordinal0 [0x00441D4A+73034]
	Ordinal0 [0x00442DC0+77248]
	Ordinal0 [0x00442D59+77145]
	Ordinal0 [0x0054BB67+1162087]
	GetHandleVerifier [0x0066A966+508998]
	GetHandleVerifier [0x0066A6A4+508292]
	GetHandleVerifier [0x0067F7B7+594583]
	GetHandleVerifier [0x0066B1D6+511158]
	Ordinal0 [0x0054402C+1130540]
	Ordinal0 [0x0054D4CB+1168587]
	Ordinal0 [0x0054D633+1168947]
	Ordinal0 [0x00565B35+1268533]
	BaseThreadInitThunk [0x76026359+25]
	RtlGetAppContainerNamedObjectPath [0x77BB7C24+228]
	RtlGetAppContainerNamedObjectPath [0x77BB7BF4+180]

	at org.openqa.selenium.remote.W3CHandshakeResponse.lambda$errorHandler$0(W3CHandshakeResponse.java:62)
	at org.openqa.selenium.remote.HandshakeResponse.lambda$getResponseFunction$0(HandshakeResponse.java:30)
	at org.openqa.selenium.remote.ProtocolHandshake.lambda$createSession$0(ProtocolHandshake.java:126)
	at java.util.stream.ReferencePipeline$3$1.accept(ReferencePipeline.java:193)
	at java.util.Spliterators$ArraySpliterator.tryAdvance(Spliterators.java:958)
	at java.util.stream.ReferencePipeline.forEachWithCancel(ReferencePipeline.java:126)
	at java.util.stream.AbstractPipeline.copyIntoWithCancel(AbstractPipeline.java:498)
	at java.util.stream.AbstractPipeline.copyInto(AbstractPipeline.java:485)
	at java.util.stream.AbstractPipeline.wrapAndCopyInto(AbstractPipeline.java:471)
	at java.util.stream.FindOps$FindOp.evaluateSequential(FindOps.java:152)
	at java.util.stream.AbstractPipeline.evaluate(AbstractPipeline.java:234)
	at java.util.stream.ReferencePipeline.findFirst(ReferencePipeline.java:464)
	at org.openqa.selenium.remote.ProtocolHandshake.createSession(ProtocolHandshake.java:128)
	at org.openqa.selenium.remote.ProtocolHandshake.createSession(ProtocolHandshake.java:74)
	at org.openqa.selenium.remote.HttpCommandExecutor.execute(HttpCommandExecutor.java:136)
	at org.openqa.selenium.remote.service.DriverCommandExecutor.execute(DriverCommandExecutor.java:83)
	at org.openqa.selenium.remote.RemoteWebDriver.execute(RemoteWebDriver.java:552)
	at org.openqa.selenium.remote.RemoteWebDriver.startSession(RemoteWebDriver.java:213)
	at org.openqa.selenium.remote.RemoteWebDriver.&lt;init&gt;(RemoteWebDriver.java:131)
	at org.openqa.selenium.chrome.ChromeDriver.&lt;init&gt;(ChromeDriver.java:181)
	at org.openqa.selenium.chrome.ChromeDriver.&lt;init&gt;(ChromeDriver.java:168)
	at org.openqa.selenium.chrome.ChromeDriver.&lt;init&gt;(ChromeDriver.java:123)
	at pages.basepagesconfiguration.BasePageClass.initializeDriver(BasePageClass.java:42)
	at pages.basepagesconfiguration.BasePageClass.setUp(BasePageClass.java:56)
	at java.util.concurrent.FutureTask.run(FutureTask.java:266)
	at java.util.concurrent.ThreadPoolExecutor.runWorker(ThreadPoolExecutor.java:1149)
	at java.util.concurrent.ThreadPoolExecutor$Worker.run(ThreadPoolExecutor.java:624)
	at java.lang.Thread.run(Thread.java:748)
... Removed 21 stack frames</div></td></tr></table><p class="totop"><a href="#summary">back to summary</a></p>
<h3 id="m2">tests.VerifyProductAdditionToComparasionList#setUp</h3><table class="result"><tr><th>Exception</th></tr><tr><td><div class="stacktrace">org.openqa.selenium.SessionNotCreatedException: session not created: This version of ChromeDriver only supports Chrome version 80
Build info: version: &apos;3.141.59&apos;, revision: &apos;e82be7d358&apos;, time: &apos;2018-11-14T08:17:03&apos;
System info: host: &apos;EPBYMINW3264&apos;, ip: &apos;100.64.100.82&apos;, os.name: &apos;Windows 10&apos;, os.arch: &apos;amd64&apos;, os.version: &apos;10.0&apos;, java.version: &apos;1.8.0_201&apos;
Driver info: driver.version: ChromeDriver
remote stacktrace: Backtrace:
	Ordinal0 [0x005D0C83+1707139]
	Ordinal0 [0x005368F1+1075441]
	Ordinal0 [0x004ADFC9+516041]
	Ordinal0 [0x00440554+66900]
	Ordinal0 [0x0043CCE2+52450]
	Ordinal0 [0x0045BFD7+180183]
	Ordinal0 [0x0045BDDD+179677]
	Ordinal0 [0x00459D4B+171339]
	Ordinal0 [0x00441D4A+73034]
	Ordinal0 [0x00442DC0+77248]
	Ordinal0 [0x00442D59+77145]
	Ordinal0 [0x0054BB67+1162087]
	GetHandleVerifier [0x0066A966+508998]
	GetHandleVerifier [0x0066A6A4+508292]
	GetHandleVerifier [0x0067F7B7+594583]
	GetHandleVerifier [0x0066B1D6+511158]
	Ordinal0 [0x0054402C+1130540]
	Ordinal0 [0x0054D4CB+1168587]
	Ordinal0 [0x0054D633+1168947]
	Ordinal0 [0x00565B35+1268533]
	BaseThreadInitThunk [0x76026359+25]
	RtlGetAppContainerNamedObjectPath [0x77BB7C24+228]
	RtlGetAppContainerNamedObjectPath [0x77BB7BF4+180]

	at org.openqa.selenium.remote.W3CHandshakeResponse.lambda$errorHandler$0(W3CHandshakeResponse.java:62)
	at org.openqa.selenium.remote.HandshakeResponse.lambda$getResponseFunction$0(HandshakeResponse.java:30)
	at org.openqa.selenium.remote.ProtocolHandshake.lambda$createSession$0(ProtocolHandshake.java:126)
	at java.util.stream.ReferencePipeline$3$1.accept(ReferencePipeline.java:193)
	at java.util.Spliterators$ArraySpliterator.tryAdvance(Spliterators.java:958)
	at java.util.stream.ReferencePipeline.forEachWithCancel(ReferencePipeline.java:126)
	at java.util.stream.AbstractPipeline.copyIntoWithCancel(AbstractPipeline.java:498)
	at java.util.stream.AbstractPipeline.copyInto(AbstractPipeline.java:485)
	at java.util.stream.AbstractPipeline.wrapAndCopyInto(AbstractPipeline.java:471)
	at java.util.stream.FindOps$FindOp.evaluateSequential(FindOps.java:152)
	at java.util.stream.AbstractPipeline.evaluate(AbstractPipeline.java:234)
	at java.util.stream.ReferencePipeline.findFirst(ReferencePipeline.java:464)
	at org.openqa.selenium.remote.ProtocolHandshake.createSession(ProtocolHandshake.java:128)
	at org.openqa.selenium.remote.ProtocolHandshake.createSession(ProtocolHandshake.java:74)
	at org.openqa.selenium.remote.HttpCommandExecutor.execute(HttpCommandExecutor.java:136)
	at org.openqa.selenium.remote.service.DriverCommandExecutor.execute(DriverCommandExecutor.java:83)
	at org.openqa.selenium.remote.RemoteWebDriver.execute(RemoteWebDriver.java:552)
	at org.openqa.selenium.remote.RemoteWebDriver.startSession(RemoteWebDriver.java:213)
	at org.openqa.selenium.remote.RemoteWebDriver.&lt;init&gt;(RemoteWebDriver.java:131)
	at org.openqa.selenium.chrome.ChromeDriver.&lt;init&gt;(ChromeDriver.java:181)
	at org.openqa.selenium.chrome.ChromeDriver.&lt;init&gt;(ChromeDriver.java:168)
	at org.openqa.selenium.chrome.ChromeDriver.&lt;init&gt;(ChromeDriver.java:123)
	at pages.basepagesconfiguration.BasePageClass.initializeDriver(BasePageClass.java:42)
	at pages.basepagesconfiguration.BasePageClass.setUp(BasePageClass.java:56)
	at java.util.concurrent.FutureTask.run(FutureTask.java:266)
	at java.util.concurrent.ThreadPoolExecutor.runWorker(ThreadPoolExecutor.java:1149)
	at java.util.concurrent.ThreadPoolExecutor$Worker.run(ThreadPoolExecutor.java:624)
	at java.lang.Thread.run(Thread.java:748)
... Removed 21 stack frames</div></td></tr></table><p class="totop"><a href="#summary">back to summary</a></p>
<h3 id="m3">tests.VerifyProductIsAddedToCard#setUp</h3><table class="result"><tr><th>Exception</th></tr><tr><td><div class="stacktrace">org.openqa.selenium.SessionNotCreatedException: session not created: This version of ChromeDriver only supports Chrome version 80
Build info: version: &apos;3.141.59&apos;, revision: &apos;e82be7d358&apos;, time: &apos;2018-11-14T08:17:03&apos;
System info: host: &apos;EPBYMINW3264&apos;, ip: &apos;100.64.100.82&apos;, os.name: &apos;Windows 10&apos;, os.arch: &apos;amd64&apos;, os.version: &apos;10.0&apos;, java.version: &apos;1.8.0_201&apos;
Driver info: driver.version: ChromeDriver
remote stacktrace: Backtrace:
	Ordinal0 [0x005D0C83+1707139]
	Ordinal0 [0x005368F1+1075441]
	Ordinal0 [0x004ADFC9+516041]
	Ordinal0 [0x00440554+66900]
	Ordinal0 [0x0043CCE2+52450]
	Ordinal0 [0x0045BFD7+180183]
	Ordinal0 [0x0045BDDD+179677]
	Ordinal0 [0x00459D4B+171339]
	Ordinal0 [0x00441D4A+73034]
	Ordinal0 [0x00442DC0+77248]
	Ordinal0 [0x00442D59+77145]
	Ordinal0 [0x0054BB67+1162087]
	GetHandleVerifier [0x0066A966+508998]
	GetHandleVerifier [0x0066A6A4+508292]
	GetHandleVerifier [0x0067F7B7+594583]
	GetHandleVerifier [0x0066B1D6+511158]
	Ordinal0 [0x0054402C+1130540]
	Ordinal0 [0x0054D4CB+1168587]
	Ordinal0 [0x0054D633+1168947]
	Ordinal0 [0x00565B35+1268533]
	BaseThreadInitThunk [0x76026359+25]
	RtlGetAppContainerNamedObjectPath [0x77BB7C24+228]
	RtlGetAppContainerNamedObjectPath [0x77BB7BF4+180]

	at org.openqa.selenium.remote.W3CHandshakeResponse.lambda$errorHandler$0(W3CHandshakeResponse.java:62)
	at org.openqa.selenium.remote.HandshakeResponse.lambda$getResponseFunction$0(HandshakeResponse.java:30)
	at org.openqa.selenium.remote.ProtocolHandshake.lambda$createSession$0(ProtocolHandshake.java:126)
	at java.util.stream.ReferencePipeline$3$1.accept(ReferencePipeline.java:193)
	at java.util.Spliterators$ArraySpliterator.tryAdvance(Spliterators.java:958)
	at java.util.stream.ReferencePipeline.forEachWithCancel(ReferencePipeline.java:126)
	at java.util.stream.AbstractPipeline.copyIntoWithCancel(AbstractPipeline.java:498)
	at java.util.stream.AbstractPipeline.copyInto(AbstractPipeline.java:485)
	at java.util.stream.AbstractPipeline.wrapAndCopyInto(AbstractPipeline.java:471)
	at java.util.stream.FindOps$FindOp.evaluateSequential(FindOps.java:152)
	at java.util.stream.AbstractPipeline.evaluate(AbstractPipeline.java:234)
	at java.util.stream.ReferencePipeline.findFirst(ReferencePipeline.java:464)
	at org.openqa.selenium.remote.ProtocolHandshake.createSession(ProtocolHandshake.java:128)
	at org.openqa.selenium.remote.ProtocolHandshake.createSession(ProtocolHandshake.java:74)
	at org.openqa.selenium.remote.HttpCommandExecutor.execute(HttpCommandExecutor.java:136)
	at org.openqa.selenium.remote.service.DriverCommandExecutor.execute(DriverCommandExecutor.java:83)
	at org.openqa.selenium.remote.RemoteWebDriver.execute(RemoteWebDriver.java:552)
	at org.openqa.selenium.remote.RemoteWebDriver.startSession(RemoteWebDriver.java:213)
	at org.openqa.selenium.remote.RemoteWebDriver.&lt;init&gt;(RemoteWebDriver.java:131)
	at org.openqa.selenium.chrome.ChromeDriver.&lt;init&gt;(ChromeDriver.java:181)
	at org.openqa.selenium.chrome.ChromeDriver.&lt;init&gt;(ChromeDriver.java:168)
	at org.openqa.selenium.chrome.ChromeDriver.&lt;init&gt;(ChromeDriver.java:123)
	at pages.basepagesconfiguration.BasePageClass.initializeDriver(BasePageClass.java:42)
	at pages.basepagesconfiguration.BasePageClass.setUp(BasePageClass.java:56)
	at java.util.concurrent.FutureTask.run(FutureTask.java:266)
	at java.util.concurrent.ThreadPoolExecutor.runWorker(ThreadPoolExecutor.java:1149)
	at java.util.concurrent.ThreadPoolExecutor$Worker.run(ThreadPoolExecutor.java:624)
	at java.lang.Thread.run(Thread.java:748)
... Removed 21 stack frames</div></td></tr></table><p class="totop"><a href="#summary">back to summary</a></p>
<h3 id="m4">tests.VerifyProductsCatalogOptions#setUp</h3><table class="result"><tr><th>Exception</th></tr><tr><td><div class="stacktrace">org.openqa.selenium.SessionNotCreatedException: session not created: This version of ChromeDriver only supports Chrome version 80
Build info: version: &apos;3.141.59&apos;, revision: &apos;e82be7d358&apos;, time: &apos;2018-11-14T08:17:03&apos;
System info: host: &apos;EPBYMINW3264&apos;, ip: &apos;100.64.100.82&apos;, os.name: &apos;Windows 10&apos;, os.arch: &apos;amd64&apos;, os.version: &apos;10.0&apos;, java.version: &apos;1.8.0_201&apos;
Driver info: driver.version: ChromeDriver
remote stacktrace: Backtrace:
	Ordinal0 [0x005D0C83+1707139]
	Ordinal0 [0x005368F1+1075441]
	Ordinal0 [0x004ADFC9+516041]
	Ordinal0 [0x00440554+66900]
	Ordinal0 [0x0043CCE2+52450]
	Ordinal0 [0x0045BFD7+180183]
	Ordinal0 [0x0045BDDD+179677]
	Ordinal0 [0x00459D4B+171339]
	Ordinal0 [0x00441D4A+73034]
	Ordinal0 [0x00442DC0+77248]
	Ordinal0 [0x00442D59+77145]
	Ordinal0 [0x0054BB67+1162087]
	GetHandleVerifier [0x0066A966+508998]
	GetHandleVerifier [0x0066A6A4+508292]
	GetHandleVerifier [0x0067F7B7+594583]
	GetHandleVerifier [0x0066B1D6+511158]
	Ordinal0 [0x0054402C+1130540]
	Ordinal0 [0x0054D4CB+1168587]
	Ordinal0 [0x0054D633+1168947]
	Ordinal0 [0x00565B35+1268533]
	BaseThreadInitThunk [0x76026359+25]
	RtlGetAppContainerNamedObjectPath [0x77BB7C24+228]
	RtlGetAppContainerNamedObjectPath [0x77BB7BF4+180]

	at org.openqa.selenium.remote.W3CHandshakeResponse.lambda$errorHandler$0(W3CHandshakeResponse.java:62)
	at org.openqa.selenium.remote.HandshakeResponse.lambda$getResponseFunction$0(HandshakeResponse.java:30)
	at org.openqa.selenium.remote.ProtocolHandshake.lambda$createSession$0(ProtocolHandshake.java:126)
	at java.util.stream.ReferencePipeline$3$1.accept(ReferencePipeline.java:193)
	at java.util.Spliterators$ArraySpliterator.tryAdvance(Spliterators.java:958)
	at java.util.stream.ReferencePipeline.forEachWithCancel(ReferencePipeline.java:126)
	at java.util.stream.AbstractPipeline.copyIntoWithCancel(AbstractPipeline.java:498)
	at java.util.stream.AbstractPipeline.copyInto(AbstractPipeline.java:485)
	at java.util.stream.AbstractPipeline.wrapAndCopyInto(AbstractPipeline.java:471)
	at java.util.stream.FindOps$FindOp.evaluateSequential(FindOps.java:152)
	at java.util.stream.AbstractPipeline.evaluate(AbstractPipeline.java:234)
	at java.util.stream.ReferencePipeline.findFirst(ReferencePipeline.java:464)
	at org.openqa.selenium.remote.ProtocolHandshake.createSession(ProtocolHandshake.java:128)
	at org.openqa.selenium.remote.ProtocolHandshake.createSession(ProtocolHandshake.java:74)
	at org.openqa.selenium.remote.HttpCommandExecutor.execute(HttpCommandExecutor.java:136)
	at org.openqa.selenium.remote.service.DriverCommandExecutor.execute(DriverCommandExecutor.java:83)
	at org.openqa.selenium.remote.RemoteWebDriver.execute(RemoteWebDriver.java:552)
	at org.openqa.selenium.remote.RemoteWebDriver.startSession(RemoteWebDriver.java:213)
	at org.openqa.selenium.remote.RemoteWebDriver.&lt;init&gt;(RemoteWebDriver.java:131)
	at org.openqa.selenium.chrome.ChromeDriver.&lt;init&gt;(ChromeDriver.java:181)
	at org.openqa.selenium.chrome.ChromeDriver.&lt;init&gt;(ChromeDriver.java:168)
	at org.openqa.selenium.chrome.ChromeDriver.&lt;init&gt;(ChromeDriver.java:123)
	at pages.basepagesconfiguration.BasePageClass.initializeDriver(BasePageClass.java:42)
	at pages.basepagesconfiguration.BasePageClass.setUp(BasePageClass.java:56)
	at java.util.concurrent.FutureTask.run(FutureTask.java:266)
	at java.util.concurrent.ThreadPoolExecutor.runWorker(ThreadPoolExecutor.java:1149)
	at java.util.concurrent.ThreadPoolExecutor$Worker.run(ThreadPoolExecutor.java:624)
	at java.lang.Thread.run(Thread.java:748)
... Removed 21 stack frames</div></td></tr></table><p class="totop"><a href="#summary">back to summary</a></p>
<h3 id="m5">tests.VerifyHeaderButtonsAreClickable#closeDown</h3><table class="result"><tr><th class="invisible"/></tr></table><p class="totop"><a href="#summary">back to summary</a></p>
<h3 id="m6">tests.VerifyLoginFunctionality#closeDown</h3><table class="result"><tr><th class="invisible"/></tr></table><p class="totop"><a href="#summary">back to summary</a></p>
<h3 id="m7">tests.VerifyProductAdditionToComparasionList#closeDown</h3><table class="result"><tr><th class="invisible"/></tr></table><p class="totop"><a href="#summary">back to summary</a></p>
<h3 id="m8">tests.VerifyProductIsAddedToCard#closeDown</h3><table class="result"><tr><th class="invisible"/></tr></table><p class="totop"><a href="#summary">back to summary</a></p>
<h3 id="m9">tests.VerifyProductsCatalogOptions#closeDown</h3><table class="result"><tr><th class="invisible"/></tr></table><p class="totop"><a href="#summary">back to summary</a></p>
<h3 id="m10">tests.VerifyHeaderButtonsAreClickable#testBasketPageIsDisplayed</h3><table class="result"><tr><th>Exception</th></tr><tr><td><div class="stacktrace">org.openqa.selenium.SessionNotCreatedException: session not created: This version of ChromeDriver only supports Chrome version 80
Build info: version: &apos;3.141.59&apos;, revision: &apos;e82be7d358&apos;, time: &apos;2018-11-14T08:17:03&apos;
System info: host: &apos;EPBYMINW3264&apos;, ip: &apos;100.64.100.82&apos;, os.name: &apos;Windows 10&apos;, os.arch: &apos;amd64&apos;, os.version: &apos;10.0&apos;, java.version: &apos;1.8.0_201&apos;
Driver info: driver.version: ChromeDriver
remote stacktrace: Backtrace:
	Ordinal0 [0x005D0C83+1707139]
	Ordinal0 [0x005368F1+1075441]
	Ordinal0 [0x004ADFC9+516041]
	Ordinal0 [0x00440554+66900]
	Ordinal0 [0x0043CCE2+52450]
	Ordinal0 [0x0045BFD7+180183]
	Ordinal0 [0x0045BDDD+179677]
	Ordinal0 [0x00459D4B+171339]
	Ordinal0 [0x00441D4A+73034]
	Ordinal0 [0x00442DC0+77248]
	Ordinal0 [0x00442D59+77145]
	Ordinal0 [0x0054BB67+1162087]
	GetHandleVerifier [0x0066A966+508998]
	GetHandleVerifier [0x0066A6A4+508292]
	GetHandleVerifier [0x0067F7B7+594583]
	GetHandleVerifier [0x0066B1D6+511158]
	Ordinal0 [0x0054402C+1130540]
	Ordinal0 [0x0054D4CB+1168587]
	Ordinal0 [0x0054D633+1168947]
	Ordinal0 [0x00565B35+1268533]
	BaseThreadInitThunk [0x76026359+25]
	RtlGetAppContainerNamedObjectPath [0x77BB7C24+228]
	RtlGetAppContainerNamedObjectPath [0x77BB7BF4+180]

	at org.openqa.selenium.remote.W3CHandshakeResponse.lambda$errorHandler$0(W3CHandshakeResponse.java:62)
	at org.openqa.selenium.remote.HandshakeResponse.lambda$getResponseFunction$0(HandshakeResponse.java:30)
	at org.openqa.selenium.remote.ProtocolHandshake.lambda$createSession$0(ProtocolHandshake.java:126)
	at java.util.stream.ReferencePipeline$3$1.accept(ReferencePipeline.java:193)
	at java.util.Spliterators$ArraySpliterator.tryAdvance(Spliterators.java:958)
	at java.util.stream.ReferencePipeline.forEachWithCancel(ReferencePipeline.java:126)
	at java.util.stream.AbstractPipeline.copyIntoWithCancel(AbstractPipeline.java:498)
	at java.util.stream.AbstractPipeline.copyInto(AbstractPipeline.java:485)
	at java.util.stream.AbstractPipeline.wrapAndCopyInto(AbstractPipeline.java:471)
	at java.util.stream.FindOps$FindOp.evaluateSequential(FindOps.java:152)
	at java.util.stream.AbstractPipeline.evaluate(AbstractPipeline.java:234)
	at java.util.stream.ReferencePipeline.findFirst(ReferencePipeline.java:464)
	at org.openqa.selenium.remote.ProtocolHandshake.createSession(ProtocolHandshake.java:128)
	at org.openqa.selenium.remote.ProtocolHandshake.createSession(ProtocolHandshake.java:74)
	at org.openqa.selenium.remote.HttpCommandExecutor.execute(HttpCommandExecutor.java:136)
	at org.openqa.selenium.remote.service.DriverCommandExecutor.execute(DriverCommandExecutor.java:83)
	at org.openqa.selenium.remote.RemoteWebDriver.execute(RemoteWebDriver.java:552)
	at org.openqa.selenium.remote.RemoteWebDriver.startSession(RemoteWebDriver.java:213)
	at org.openqa.selenium.remote.RemoteWebDriver.&lt;init&gt;(RemoteWebDriver.java:131)
	at org.openqa.selenium.chrome.ChromeDriver.&lt;init&gt;(ChromeDriver.java:181)
	at org.openqa.selenium.chrome.ChromeDriver.&lt;init&gt;(ChromeDriver.java:168)
	at org.openqa.selenium.chrome.ChromeDriver.&lt;init&gt;(ChromeDriver.java:123)
	at pages.basepagesconfiguration.BasePageClass.initializeDriver(BasePageClass.java:42)
	at pages.basepagesconfiguration.BasePageClass.setUp(BasePageClass.java:56)
	at java.util.concurrent.FutureTask.run(FutureTask.java:266)
	at java.util.concurrent.ThreadPoolExecutor.runWorker(ThreadPoolExecutor.java:1149)
	at java.util.concurrent.ThreadPoolExecutor$Worker.run(ThreadPoolExecutor.java:624)
	at java.lang.Thread.run(Thread.java:748)
... Removed 21 stack frames</div></td></tr></table><p class="totop"><a href="#summary">back to summary</a></p>
<h3 id="m11">tests.VerifyHeaderButtonsAreClickable#testBookmarksPageIsDisplayed</h3><table class="result"><tr><th>Exception</th></tr><tr><td><div class="stacktrace">org.openqa.selenium.SessionNotCreatedException: session not created: This version of ChromeDriver only supports Chrome version 80
Build info: version: &apos;3.141.59&apos;, revision: &apos;e82be7d358&apos;, time: &apos;2018-11-14T08:17:03&apos;
System info: host: &apos;EPBYMINW3264&apos;, ip: &apos;100.64.100.82&apos;, os.name: &apos;Windows 10&apos;, os.arch: &apos;amd64&apos;, os.version: &apos;10.0&apos;, java.version: &apos;1.8.0_201&apos;
Driver info: driver.version: ChromeDriver
remote stacktrace: Backtrace:
	Ordinal0 [0x005D0C83+1707139]
	Ordinal0 [0x005368F1+1075441]
	Ordinal0 [0x004ADFC9+516041]
	Ordinal0 [0x00440554+66900]
	Ordinal0 [0x0043CCE2+52450]
	Ordinal0 [0x0045BFD7+180183]
	Ordinal0 [0x0045BDDD+179677]
	Ordinal0 [0x00459D4B+171339]
	Ordinal0 [0x00441D4A+73034]
	Ordinal0 [0x00442DC0+77248]
	Ordinal0 [0x00442D59+77145]
	Ordinal0 [0x0054BB67+1162087]
	GetHandleVerifier [0x0066A966+508998]
	GetHandleVerifier [0x0066A6A4+508292]
	GetHandleVerifier [0x0067F7B7+594583]
	GetHandleVerifier [0x0066B1D6+511158]
	Ordinal0 [0x0054402C+1130540]
	Ordinal0 [0x0054D4CB+1168587]
	Ordinal0 [0x0054D633+1168947]
	Ordinal0 [0x00565B35+1268533]
	BaseThreadInitThunk [0x76026359+25]
	RtlGetAppContainerNamedObjectPath [0x77BB7C24+228]
	RtlGetAppContainerNamedObjectPath [0x77BB7BF4+180]

	at org.openqa.selenium.remote.W3CHandshakeResponse.lambda$errorHandler$0(W3CHandshakeResponse.java:62)
	at org.openqa.selenium.remote.HandshakeResponse.lambda$getResponseFunction$0(HandshakeResponse.java:30)
	at org.openqa.selenium.remote.ProtocolHandshake.lambda$createSession$0(ProtocolHandshake.java:126)
	at java.util.stream.ReferencePipeline$3$1.accept(ReferencePipeline.java:193)
	at java.util.Spliterators$ArraySpliterator.tryAdvance(Spliterators.java:958)
	at java.util.stream.ReferencePipeline.forEachWithCancel(ReferencePipeline.java:126)
	at java.util.stream.AbstractPipeline.copyIntoWithCancel(AbstractPipeline.java:498)
	at java.util.stream.AbstractPipeline.copyInto(AbstractPipeline.java:485)
	at java.util.stream.AbstractPipeline.wrapAndCopyInto(AbstractPipeline.java:471)
	at java.util.stream.FindOps$FindOp.evaluateSequential(FindOps.java:152)
	at java.util.stream.AbstractPipeline.evaluate(AbstractPipeline.java:234)
	at java.util.stream.ReferencePipeline.findFirst(ReferencePipeline.java:464)
	at org.openqa.selenium.remote.ProtocolHandshake.createSession(ProtocolHandshake.java:128)
	at org.openqa.selenium.remote.ProtocolHandshake.createSession(ProtocolHandshake.java:74)
	at org.openqa.selenium.remote.HttpCommandExecutor.execute(HttpCommandExecutor.java:136)
	at org.openqa.selenium.remote.service.DriverCommandExecutor.execute(DriverCommandExecutor.java:83)
	at org.openqa.selenium.remote.RemoteWebDriver.execute(RemoteWebDriver.java:552)
	at org.openqa.selenium.remote.RemoteWebDriver.startSession(RemoteWebDriver.java:213)
	at org.openqa.selenium.remote.RemoteWebDriver.&lt;init&gt;(RemoteWebDriver.java:131)
	at org.openqa.selenium.chrome.ChromeDriver.&lt;init&gt;(ChromeDriver.java:181)
	at org.openqa.selenium.chrome.ChromeDriver.&lt;init&gt;(ChromeDriver.java:168)
	at org.openqa.selenium.chrome.ChromeDriver.&lt;init&gt;(ChromeDriver.java:123)
	at pages.basepagesconfiguration.BasePageClass.initializeDriver(BasePageClass.java:42)
	at pages.basepagesconfiguration.BasePageClass.setUp(BasePageClass.java:56)
	at java.util.concurrent.FutureTask.run(FutureTask.java:266)
	at java.util.concurrent.ThreadPoolExecutor.runWorker(ThreadPoolExecutor.java:1149)
	at java.util.concurrent.ThreadPoolExecutor$Worker.run(ThreadPoolExecutor.java:624)
	at java.lang.Thread.run(Thread.java:748)
... Removed 21 stack frames</div></td></tr></table><p class="totop"><a href="#summary">back to summary</a></p>
<h3 id="m12">tests.VerifyHeaderButtonsAreClickable#testComparasionListPageIsDisplayed</h3><table class="result"><tr><th>Exception</th></tr><tr><td><div class="stacktrace">org.openqa.selenium.SessionNotCreatedException: session not created: This version of ChromeDriver only supports Chrome version 80
Build info: version: &apos;3.141.59&apos;, revision: &apos;e82be7d358&apos;, time: &apos;2018-11-14T08:17:03&apos;
System info: host: &apos;EPBYMINW3264&apos;, ip: &apos;100.64.100.82&apos;, os.name: &apos;Windows 10&apos;, os.arch: &apos;amd64&apos;, os.version: &apos;10.0&apos;, java.version: &apos;1.8.0_201&apos;
Driver info: driver.version: ChromeDriver
remote stacktrace: Backtrace:
	Ordinal0 [0x005D0C83+1707139]
	Ordinal0 [0x005368F1+1075441]
	Ordinal0 [0x004ADFC9+516041]
	Ordinal0 [0x00440554+66900]
	Ordinal0 [0x0043CCE2+52450]
	Ordinal0 [0x0045BFD7+180183]
	Ordinal0 [0x0045BDDD+179677]
	Ordinal0 [0x00459D4B+171339]
	Ordinal0 [0x00441D4A+73034]
	Ordinal0 [0x00442DC0+77248]
	Ordinal0 [0x00442D59+77145]
	Ordinal0 [0x0054BB67+1162087]
	GetHandleVerifier [0x0066A966+508998]
	GetHandleVerifier [0x0066A6A4+508292]
	GetHandleVerifier [0x0067F7B7+594583]
	GetHandleVerifier [0x0066B1D6+511158]
	Ordinal0 [0x0054402C+1130540]
	Ordinal0 [0x0054D4CB+1168587]
	Ordinal0 [0x0054D633+1168947]
	Ordinal0 [0x00565B35+1268533]
	BaseThreadInitThunk [0x76026359+25]
	RtlGetAppContainerNamedObjectPath [0x77BB7C24+228]
	RtlGetAppContainerNamedObjectPath [0x77BB7BF4+180]

	at org.openqa.selenium.remote.W3CHandshakeResponse.lambda$errorHandler$0(W3CHandshakeResponse.java:62)
	at org.openqa.selenium.remote.HandshakeResponse.lambda$getResponseFunction$0(HandshakeResponse.java:30)
	at org.openqa.selenium.remote.ProtocolHandshake.lambda$createSession$0(ProtocolHandshake.java:126)
	at java.util.stream.ReferencePipeline$3$1.accept(ReferencePipeline.java:193)
	at java.util.Spliterators$ArraySpliterator.tryAdvance(Spliterators.java:958)
	at java.util.stream.ReferencePipeline.forEachWithCancel(ReferencePipeline.java:126)
	at java.util.stream.AbstractPipeline.copyIntoWithCancel(AbstractPipeline.java:498)
	at java.util.stream.AbstractPipeline.copyInto(AbstractPipeline.java:485)
	at java.util.stream.AbstractPipeline.wrapAndCopyInto(AbstractPipeline.java:471)
	at java.util.stream.FindOps$FindOp.evaluateSequential(FindOps.java:152)
	at java.util.stream.AbstractPipeline.evaluate(AbstractPipeline.java:234)
	at java.util.stream.ReferencePipeline.findFirst(ReferencePipeline.java:464)
	at org.openqa.selenium.remote.ProtocolHandshake.createSession(ProtocolHandshake.java:128)
	at org.openqa.selenium.remote.ProtocolHandshake.createSession(ProtocolHandshake.java:74)
	at org.openqa.selenium.remote.HttpCommandExecutor.execute(HttpCommandExecutor.java:136)
	at org.openqa.selenium.remote.service.DriverCommandExecutor.execute(DriverCommandExecutor.java:83)
	at org.openqa.selenium.remote.RemoteWebDriver.execute(RemoteWebDriver.java:552)
	at org.openqa.selenium.remote.RemoteWebDriver.startSession(RemoteWebDriver.java:213)
	at org.openqa.selenium.remote.RemoteWebDriver.&lt;init&gt;(RemoteWebDriver.java:131)
	at org.openqa.selenium.chrome.ChromeDriver.&lt;init&gt;(ChromeDriver.java:181)
	at org.openqa.selenium.chrome.ChromeDriver.&lt;init&gt;(ChromeDriver.java:168)
	at org.openqa.selenium.chrome.ChromeDriver.&lt;init&gt;(ChromeDriver.java:123)
	at pages.basepagesconfiguration.BasePageClass.initializeDriver(BasePageClass.java:42)
	at pages.basepagesconfiguration.BasePageClass.setUp(BasePageClass.java:56)
	at java.util.concurrent.FutureTask.run(FutureTask.java:266)
	at java.util.concurrent.ThreadPoolExecutor.runWorker(ThreadPoolExecutor.java:1149)
	at java.util.concurrent.ThreadPoolExecutor$Worker.run(ThreadPoolExecutor.java:624)
	at java.lang.Thread.run(Thread.java:748)
... Removed 21 stack frames</div></td></tr></table><p class="totop"><a href="#summary">back to summary</a></p>
<h3 id="m13">tests.VerifyHeaderButtonsAreClickable#testDeliveryPageIsDisplayed</h3><table class="result"><tr><th>Exception</th></tr><tr><td><div class="stacktrace">org.openqa.selenium.SessionNotCreatedException: session not created: This version of ChromeDriver only supports Chrome version 80
Build info: version: &apos;3.141.59&apos;, revision: &apos;e82be7d358&apos;, time: &apos;2018-11-14T08:17:03&apos;
System info: host: &apos;EPBYMINW3264&apos;, ip: &apos;100.64.100.82&apos;, os.name: &apos;Windows 10&apos;, os.arch: &apos;amd64&apos;, os.version: &apos;10.0&apos;, java.version: &apos;1.8.0_201&apos;
Driver info: driver.version: ChromeDriver
remote stacktrace: Backtrace:
	Ordinal0 [0x005D0C83+1707139]
	Ordinal0 [0x005368F1+1075441]
	Ordinal0 [0x004ADFC9+516041]
	Ordinal0 [0x00440554+66900]
	Ordinal0 [0x0043CCE2+52450]
	Ordinal0 [0x0045BFD7+180183]
	Ordinal0 [0x0045BDDD+179677]
	Ordinal0 [0x00459D4B+171339]
	Ordinal0 [0x00441D4A+73034]
	Ordinal0 [0x00442DC0+77248]
	Ordinal0 [0x00442D59+77145]
	Ordinal0 [0x0054BB67+1162087]
	GetHandleVerifier [0x0066A966+508998]
	GetHandleVerifier [0x0066A6A4+508292]
	GetHandleVerifier [0x0067F7B7+594583]
	GetHandleVerifier [0x0066B1D6+511158]
	Ordinal0 [0x0054402C+1130540]
	Ordinal0 [0x0054D4CB+1168587]
	Ordinal0 [0x0054D633+1168947]
	Ordinal0 [0x00565B35+1268533]
	BaseThreadInitThunk [0x76026359+25]
	RtlGetAppContainerNamedObjectPath [0x77BB7C24+228]
	RtlGetAppContainerNamedObjectPath [0x77BB7BF4+180]

	at org.openqa.selenium.remote.W3CHandshakeResponse.lambda$errorHandler$0(W3CHandshakeResponse.java:62)
	at org.openqa.selenium.remote.HandshakeResponse.lambda$getResponseFunction$0(HandshakeResponse.java:30)
	at org.openqa.selenium.remote.ProtocolHandshake.lambda$createSession$0(ProtocolHandshake.java:126)
	at java.util.stream.ReferencePipeline$3$1.accept(ReferencePipeline.java:193)
	at java.util.Spliterators$ArraySpliterator.tryAdvance(Spliterators.java:958)
	at java.util.stream.ReferencePipeline.forEachWithCancel(ReferencePipeline.java:126)
	at java.util.stream.AbstractPipeline.copyIntoWithCancel(AbstractPipeline.java:498)
	at java.util.stream.AbstractPipeline.copyInto(AbstractPipeline.java:485)
	at java.util.stream.AbstractPipeline.wrapAndCopyInto(AbstractPipeline.java:471)
	at java.util.stream.FindOps$FindOp.evaluateSequential(FindOps.java:152)
	at java.util.stream.AbstractPipeline.evaluate(AbstractPipeline.java:234)
	at java.util.stream.ReferencePipeline.findFirst(ReferencePipeline.java:464)
	at org.openqa.selenium.remote.ProtocolHandshake.createSession(ProtocolHandshake.java:128)
	at org.openqa.selenium.remote.ProtocolHandshake.createSession(ProtocolHandshake.java:74)
	at org.openqa.selenium.remote.HttpCommandExecutor.execute(HttpCommandExecutor.java:136)
	at org.openqa.selenium.remote.service.DriverCommandExecutor.execute(DriverCommandExecutor.java:83)
	at org.openqa.selenium.remote.RemoteWebDriver.execute(RemoteWebDriver.java:552)
	at org.openqa.selenium.remote.RemoteWebDriver.startSession(RemoteWebDriver.java:213)
	at org.openqa.selenium.remote.RemoteWebDriver.&lt;init&gt;(RemoteWebDriver.java:131)
	at org.openqa.selenium.chrome.ChromeDriver.&lt;init&gt;(ChromeDriver.java:181)
	at org.openqa.selenium.chrome.ChromeDriver.&lt;init&gt;(ChromeDriver.java:168)
	at org.openqa.selenium.chrome.ChromeDriver.&lt;init&gt;(ChromeDriver.java:123)
	at pages.basepagesconfiguration.BasePageClass.initializeDriver(BasePageClass.java:42)
	at pages.basepagesconfiguration.BasePageClass.setUp(BasePageClass.java:56)
	at java.util.concurrent.FutureTask.run(FutureTask.java:266)
	at java.util.concurrent.ThreadPoolExecutor.runWorker(ThreadPoolExecutor.java:1149)
	at java.util.concurrent.ThreadPoolExecutor$Worker.run(ThreadPoolExecutor.java:624)
	at java.lang.Thread.run(Thread.java:748)
... Removed 21 stack frames</div></td></tr></table><p class="totop"><a href="#summary">back to summary</a></p>
<h3 id="m14">tests.VerifyHeaderButtonsAreClickable#testDiscountSystemPageIsDisplayed</h3><table class="result"><tr><th>Exception</th></tr><tr><td><div class="stacktrace">org.openqa.selenium.SessionNotCreatedException: session not created: This version of ChromeDriver only supports Chrome version 80
Build info: version: &apos;3.141.59&apos;, revision: &apos;e82be7d358&apos;, time: &apos;2018-11-14T08:17:03&apos;
System info: host: &apos;EPBYMINW3264&apos;, ip: &apos;100.64.100.82&apos;, os.name: &apos;Windows 10&apos;, os.arch: &apos;amd64&apos;, os.version: &apos;10.0&apos;, java.version: &apos;1.8.0_201&apos;
Driver info: driver.version: ChromeDriver
remote stacktrace: Backtrace:
	Ordinal0 [0x005D0C83+1707139]
	Ordinal0 [0x005368F1+1075441]
	Ordinal0 [0x004ADFC9+516041]
	Ordinal0 [0x00440554+66900]
	Ordinal0 [0x0043CCE2+52450]
	Ordinal0 [0x0045BFD7+180183]
	Ordinal0 [0x0045BDDD+179677]
	Ordinal0 [0x00459D4B+171339]
	Ordinal0 [0x00441D4A+73034]
	Ordinal0 [0x00442DC0+77248]
	Ordinal0 [0x00442D59+77145]
	Ordinal0 [0x0054BB67+1162087]
	GetHandleVerifier [0x0066A966+508998]
	GetHandleVerifier [0x0066A6A4+508292]
	GetHandleVerifier [0x0067F7B7+594583]
	GetHandleVerifier [0x0066B1D6+511158]
	Ordinal0 [0x0054402C+1130540]
	Ordinal0 [0x0054D4CB+1168587]
	Ordinal0 [0x0054D633+1168947]
	Ordinal0 [0x00565B35+1268533]
	BaseThreadInitThunk [0x76026359+25]
	RtlGetAppContainerNamedObjectPath [0x77BB7C24+228]
	RtlGetAppContainerNamedObjectPath [0x77BB7BF4+180]

	at org.openqa.selenium.remote.W3CHandshakeResponse.lambda$errorHandler$0(W3CHandshakeResponse.java:62)
	at org.openqa.selenium.remote.HandshakeResponse.lambda$getResponseFunction$0(HandshakeResponse.java:30)
	at org.openqa.selenium.remote.ProtocolHandshake.lambda$createSession$0(ProtocolHandshake.java:126)
	at java.util.stream.ReferencePipeline$3$1.accept(ReferencePipeline.java:193)
	at java.util.Spliterators$ArraySpliterator.tryAdvance(Spliterators.java:958)
	at java.util.stream.ReferencePipeline.forEachWithCancel(ReferencePipeline.java:126)
	at java.util.stream.AbstractPipeline.copyIntoWithCancel(AbstractPipeline.java:498)
	at java.util.stream.AbstractPipeline.copyInto(AbstractPipeline.java:485)
	at java.util.stream.AbstractPipeline.wrapAndCopyInto(AbstractPipeline.java:471)
	at java.util.stream.FindOps$FindOp.evaluateSequential(FindOps.java:152)
	at java.util.stream.AbstractPipeline.evaluate(AbstractPipeline.java:234)
	at java.util.stream.ReferencePipeline.findFirst(ReferencePipeline.java:464)
	at org.openqa.selenium.remote.ProtocolHandshake.createSession(ProtocolHandshake.java:128)
	at org.openqa.selenium.remote.ProtocolHandshake.createSession(ProtocolHandshake.java:74)
	at org.openqa.selenium.remote.HttpCommandExecutor.execute(HttpCommandExecutor.java:136)
	at org.openqa.selenium.remote.service.DriverCommandExecutor.execute(DriverCommandExecutor.java:83)
	at org.openqa.selenium.remote.RemoteWebDriver.execute(RemoteWebDriver.java:552)
	at org.openqa.selenium.remote.RemoteWebDriver.startSession(RemoteWebDriver.java:213)
	at org.openqa.selenium.remote.RemoteWebDriver.&lt;init&gt;(RemoteWebDriver.java:131)
	at org.openqa.selenium.chrome.ChromeDriver.&lt;init&gt;(ChromeDriver.java:181)
	at org.openqa.selenium.chrome.ChromeDriver.&lt;init&gt;(ChromeDriver.java:168)
	at org.openqa.selenium.chrome.ChromeDriver.&lt;init&gt;(ChromeDriver.java:123)
	at pages.basepagesconfiguration.BasePageClass.initializeDriver(BasePageClass.java:42)
	at pages.basepagesconfiguration.BasePageClass.setUp(BasePageClass.java:56)
	at java.util.concurrent.FutureTask.run(FutureTask.java:266)
	at java.util.concurrent.ThreadPoolExecutor.runWorker(ThreadPoolExecutor.java:1149)
	at java.util.concurrent.ThreadPoolExecutor$Worker.run(ThreadPoolExecutor.java:624)
	at java.lang.Thread.run(Thread.java:748)
... Removed 21 stack frames</div></td></tr></table><p class="totop"><a href="#summary">back to summary</a></p>
<h3 id="m15">tests.VerifyHeaderButtonsAreClickable#testLoginWindowIsDisplayed</h3><table class="result"><tr><th>Exception</th></tr><tr><td><div class="stacktrace">org.openqa.selenium.SessionNotCreatedException: session not created: This version of ChromeDriver only supports Chrome version 80
Build info: version: &apos;3.141.59&apos;, revision: &apos;e82be7d358&apos;, time: &apos;2018-11-14T08:17:03&apos;
System info: host: &apos;EPBYMINW3264&apos;, ip: &apos;100.64.100.82&apos;, os.name: &apos;Windows 10&apos;, os.arch: &apos;amd64&apos;, os.version: &apos;10.0&apos;, java.version: &apos;1.8.0_201&apos;
Driver info: driver.version: ChromeDriver
remote stacktrace: Backtrace:
	Ordinal0 [0x005D0C83+1707139]
	Ordinal0 [0x005368F1+1075441]
	Ordinal0 [0x004ADFC9+516041]
	Ordinal0 [0x00440554+66900]
	Ordinal0 [0x0043CCE2+52450]
	Ordinal0 [0x0045BFD7+180183]
	Ordinal0 [0x0045BDDD+179677]
	Ordinal0 [0x00459D4B+171339]
	Ordinal0 [0x00441D4A+73034]
	Ordinal0 [0x00442DC0+77248]
	Ordinal0 [0x00442D59+77145]
	Ordinal0 [0x0054BB67+1162087]
	GetHandleVerifier [0x0066A966+508998]
	GetHandleVerifier [0x0066A6A4+508292]
	GetHandleVerifier [0x0067F7B7+594583]
	GetHandleVerifier [0x0066B1D6+511158]
	Ordinal0 [0x0054402C+1130540]
	Ordinal0 [0x0054D4CB+1168587]
	Ordinal0 [0x0054D633+1168947]
	Ordinal0 [0x00565B35+1268533]
	BaseThreadInitThunk [0x76026359+25]
	RtlGetAppContainerNamedObjectPath [0x77BB7C24+228]
	RtlGetAppContainerNamedObjectPath [0x77BB7BF4+180]

	at org.openqa.selenium.remote.W3CHandshakeResponse.lambda$errorHandler$0(W3CHandshakeResponse.java:62)
	at org.openqa.selenium.remote.HandshakeResponse.lambda$getResponseFunction$0(HandshakeResponse.java:30)
	at org.openqa.selenium.remote.ProtocolHandshake.lambda$createSession$0(ProtocolHandshake.java:126)
	at java.util.stream.ReferencePipeline$3$1.accept(ReferencePipeline.java:193)
	at java.util.Spliterators$ArraySpliterator.tryAdvance(Spliterators.java:958)
	at java.util.stream.ReferencePipeline.forEachWithCancel(ReferencePipeline.java:126)
	at java.util.stream.AbstractPipeline.copyIntoWithCancel(AbstractPipeline.java:498)
	at java.util.stream.AbstractPipeline.copyInto(AbstractPipeline.java:485)
	at java.util.stream.AbstractPipeline.wrapAndCopyInto(AbstractPipeline.java:471)
	at java.util.stream.FindOps$FindOp.evaluateSequential(FindOps.java:152)
	at java.util.stream.AbstractPipeline.evaluate(AbstractPipeline.java:234)
	at java.util.stream.ReferencePipeline.findFirst(ReferencePipeline.java:464)
	at org.openqa.selenium.remote.ProtocolHandshake.createSession(ProtocolHandshake.java:128)
	at org.openqa.selenium.remote.ProtocolHandshake.createSession(ProtocolHandshake.java:74)
	at org.openqa.selenium.remote.HttpCommandExecutor.execute(HttpCommandExecutor.java:136)
	at org.openqa.selenium.remote.service.DriverCommandExecutor.execute(DriverCommandExecutor.java:83)
	at org.openqa.selenium.remote.RemoteWebDriver.execute(RemoteWebDriver.java:552)
	at org.openqa.selenium.remote.RemoteWebDriver.startSession(RemoteWebDriver.java:213)
	at org.openqa.selenium.remote.RemoteWebDriver.&lt;init&gt;(RemoteWebDriver.java:131)
	at org.openqa.selenium.chrome.ChromeDriver.&lt;init&gt;(ChromeDriver.java:181)
	at org.openqa.selenium.chrome.ChromeDriver.&lt;init&gt;(ChromeDriver.java:168)
	at org.openqa.selenium.chrome.ChromeDriver.&lt;init&gt;(ChromeDriver.java:123)
	at pages.basepagesconfiguration.BasePageClass.initializeDriver(BasePageClass.java:42)
	at pages.basepagesconfiguration.BasePageClass.setUp(BasePageClass.java:56)
	at java.util.concurrent.FutureTask.run(FutureTask.java:266)
	at java.util.concurrent.ThreadPoolExecutor.runWorker(ThreadPoolExecutor.java:1149)
	at java.util.concurrent.ThreadPoolExecutor$Worker.run(ThreadPoolExecutor.java:624)
	at java.lang.Thread.run(Thread.java:748)
... Removed 21 stack frames</div></td></tr></table><p class="totop"><a href="#summary">back to summary</a></p>
<h3 id="m16">tests.VerifyHeaderButtonsAreClickable#testPaymentPageIsDisplayed</h3><table class="result"><tr><th>Exception</th></tr><tr><td><div class="stacktrace">org.openqa.selenium.SessionNotCreatedException: session not created: This version of ChromeDriver only supports Chrome version 80
Build info: version: &apos;3.141.59&apos;, revision: &apos;e82be7d358&apos;, time: &apos;2018-11-14T08:17:03&apos;
System info: host: &apos;EPBYMINW3264&apos;, ip: &apos;100.64.100.82&apos;, os.name: &apos;Windows 10&apos;, os.arch: &apos;amd64&apos;, os.version: &apos;10.0&apos;, java.version: &apos;1.8.0_201&apos;
Driver info: driver.version: ChromeDriver
remote stacktrace: Backtrace:
	Ordinal0 [0x005D0C83+1707139]
	Ordinal0 [0x005368F1+1075441]
	Ordinal0 [0x004ADFC9+516041]
	Ordinal0 [0x00440554+66900]
	Ordinal0 [0x0043CCE2+52450]
	Ordinal0 [0x0045BFD7+180183]
	Ordinal0 [0x0045BDDD+179677]
	Ordinal0 [0x00459D4B+171339]
	Ordinal0 [0x00441D4A+73034]
	Ordinal0 [0x00442DC0+77248]
	Ordinal0 [0x00442D59+77145]
	Ordinal0 [0x0054BB67+1162087]
	GetHandleVerifier [0x0066A966+508998]
	GetHandleVerifier [0x0066A6A4+508292]
	GetHandleVerifier [0x0067F7B7+594583]
	GetHandleVerifier [0x0066B1D6+511158]
	Ordinal0 [0x0054402C+1130540]
	Ordinal0 [0x0054D4CB+1168587]
	Ordinal0 [0x0054D633+1168947]
	Ordinal0 [0x00565B35+1268533]
	BaseThreadInitThunk [0x76026359+25]
	RtlGetAppContainerNamedObjectPath [0x77BB7C24+228]
	RtlGetAppContainerNamedObjectPath [0x77BB7BF4+180]

	at org.openqa.selenium.remote.W3CHandshakeResponse.lambda$errorHandler$0(W3CHandshakeResponse.java:62)
	at org.openqa.selenium.remote.HandshakeResponse.lambda$getResponseFunction$0(HandshakeResponse.java:30)
	at org.openqa.selenium.remote.ProtocolHandshake.lambda$createSession$0(ProtocolHandshake.java:126)
	at java.util.stream.ReferencePipeline$3$1.accept(ReferencePipeline.java:193)
	at java.util.Spliterators$ArraySpliterator.tryAdvance(Spliterators.java:958)
	at java.util.stream.ReferencePipeline.forEachWithCancel(ReferencePipeline.java:126)
	at java.util.stream.AbstractPipeline.copyIntoWithCancel(AbstractPipeline.java:498)
	at java.util.stream.AbstractPipeline.copyInto(AbstractPipeline.java:485)
	at java.util.stream.AbstractPipeline.wrapAndCopyInto(AbstractPipeline.java:471)
	at java.util.stream.FindOps$FindOp.evaluateSequential(FindOps.java:152)
	at java.util.stream.AbstractPipeline.evaluate(AbstractPipeline.java:234)
	at java.util.stream.ReferencePipeline.findFirst(ReferencePipeline.java:464)
	at org.openqa.selenium.remote.ProtocolHandshake.createSession(ProtocolHandshake.java:128)
	at org.openqa.selenium.remote.ProtocolHandshake.createSession(ProtocolHandshake.java:74)
	at org.openqa.selenium.remote.HttpCommandExecutor.execute(HttpCommandExecutor.java:136)
	at org.openqa.selenium.remote.service.DriverCommandExecutor.execute(DriverCommandExecutor.java:83)
	at org.openqa.selenium.remote.RemoteWebDriver.execute(RemoteWebDriver.java:552)
	at org.openqa.selenium.remote.RemoteWebDriver.startSession(RemoteWebDriver.java:213)
	at org.openqa.selenium.remote.RemoteWebDriver.&lt;init&gt;(RemoteWebDriver.java:131)
	at org.openqa.selenium.chrome.ChromeDriver.&lt;init&gt;(ChromeDriver.java:181)
	at org.openqa.selenium.chrome.ChromeDriver.&lt;init&gt;(ChromeDriver.java:168)
	at org.openqa.selenium.chrome.ChromeDriver.&lt;init&gt;(ChromeDriver.java:123)
	at pages.basepagesconfiguration.BasePageClass.initializeDriver(BasePageClass.java:42)
	at pages.basepagesconfiguration.BasePageClass.setUp(BasePageClass.java:56)
	at java.util.concurrent.FutureTask.run(FutureTask.java:266)
	at java.util.concurrent.ThreadPoolExecutor.runWorker(ThreadPoolExecutor.java:1149)
	at java.util.concurrent.ThreadPoolExecutor$Worker.run(ThreadPoolExecutor.java:624)
	at java.lang.Thread.run(Thread.java:748)
... Removed 21 stack frames</div></td></tr></table><p class="totop"><a href="#summary">back to summary</a></p>
<h3 id="m17">tests.VerifyHeaderButtonsAreClickable#testWarrantyPageIsDisplayed</h3><table class="result"><tr><th>Exception</th></tr><tr><td><div class="stacktrace">org.openqa.selenium.SessionNotCreatedException: session not created: This version of ChromeDriver only supports Chrome version 80
Build info: version: &apos;3.141.59&apos;, revision: &apos;e82be7d358&apos;, time: &apos;2018-11-14T08:17:03&apos;
System info: host: &apos;EPBYMINW3264&apos;, ip: &apos;100.64.100.82&apos;, os.name: &apos;Windows 10&apos;, os.arch: &apos;amd64&apos;, os.version: &apos;10.0&apos;, java.version: &apos;1.8.0_201&apos;
Driver info: driver.version: ChromeDriver
remote stacktrace: Backtrace:
	Ordinal0 [0x005D0C83+1707139]
	Ordinal0 [0x005368F1+1075441]
	Ordinal0 [0x004ADFC9+516041]
	Ordinal0 [0x00440554+66900]
	Ordinal0 [0x0043CCE2+52450]
	Ordinal0 [0x0045BFD7+180183]
	Ordinal0 [0x0045BDDD+179677]
	Ordinal0 [0x00459D4B+171339]
	Ordinal0 [0x00441D4A+73034]
	Ordinal0 [0x00442DC0+77248]
	Ordinal0 [0x00442D59+77145]
	Ordinal0 [0x0054BB67+1162087]
	GetHandleVerifier [0x0066A966+508998]
	GetHandleVerifier [0x0066A6A4+508292]
	GetHandleVerifier [0x0067F7B7+594583]
	GetHandleVerifier [0x0066B1D6+511158]
	Ordinal0 [0x0054402C+1130540]
	Ordinal0 [0x0054D4CB+1168587]
	Ordinal0 [0x0054D633+1168947]
	Ordinal0 [0x00565B35+1268533]
	BaseThreadInitThunk [0x76026359+25]
	RtlGetAppContainerNamedObjectPath [0x77BB7C24+228]
	RtlGetAppContainerNamedObjectPath [0x77BB7BF4+180]

	at org.openqa.selenium.remote.W3CHandshakeResponse.lambda$errorHandler$0(W3CHandshakeResponse.java:62)
	at org.openqa.selenium.remote.HandshakeResponse.lambda$getResponseFunction$0(HandshakeResponse.java:30)
	at org.openqa.selenium.remote.ProtocolHandshake.lambda$createSession$0(ProtocolHandshake.java:126)
	at java.util.stream.ReferencePipeline$3$1.accept(ReferencePipeline.java:193)
	at java.util.Spliterators$ArraySpliterator.tryAdvance(Spliterators.java:958)
	at java.util.stream.ReferencePipeline.forEachWithCancel(ReferencePipeline.java:126)
	at java.util.stream.AbstractPipeline.copyIntoWithCancel(AbstractPipeline.java:498)
	at java.util.stream.AbstractPipeline.copyInto(AbstractPipeline.java:485)
	at java.util.stream.AbstractPipeline.wrapAndCopyInto(AbstractPipeline.java:471)
	at java.util.stream.FindOps$FindOp.evaluateSequential(FindOps.java:152)
	at java.util.stream.AbstractPipeline.evaluate(AbstractPipeline.java:234)
	at java.util.stream.ReferencePipeline.findFirst(ReferencePipeline.java:464)
	at org.openqa.selenium.remote.ProtocolHandshake.createSession(ProtocolHandshake.java:128)
	at org.openqa.selenium.remote.ProtocolHandshake.createSession(ProtocolHandshake.java:74)
	at org.openqa.selenium.remote.HttpCommandExecutor.execute(HttpCommandExecutor.java:136)
	at org.openqa.selenium.remote.service.DriverCommandExecutor.execute(DriverCommandExecutor.java:83)
	at org.openqa.selenium.remote.RemoteWebDriver.execute(RemoteWebDriver.java:552)
	at org.openqa.selenium.remote.RemoteWebDriver.startSession(RemoteWebDriver.java:213)
	at org.openqa.selenium.remote.RemoteWebDriver.&lt;init&gt;(RemoteWebDriver.java:131)
	at org.openqa.selenium.chrome.ChromeDriver.&lt;init&gt;(ChromeDriver.java:181)
	at org.openqa.selenium.chrome.ChromeDriver.&lt;init&gt;(ChromeDriver.java:168)
	at org.openqa.selenium.chrome.ChromeDriver.&lt;init&gt;(ChromeDriver.java:123)
	at pages.basepagesconfiguration.BasePageClass.initializeDriver(BasePageClass.java:42)
	at pages.basepagesconfiguration.BasePageClass.setUp(BasePageClass.java:56)
	at java.util.concurrent.FutureTask.run(FutureTask.java:266)
	at java.util.concurrent.ThreadPoolExecutor.runWorker(ThreadPoolExecutor.java:1149)
	at java.util.concurrent.ThreadPoolExecutor$Worker.run(ThreadPoolExecutor.java:624)
	at java.lang.Thread.run(Thread.java:748)
... Removed 21 stack frames</div></td></tr></table><p class="totop"><a href="#summary">back to summary</a></p>
<h3 id="m18">tests.VerifyHeaderButtonsAreClickable#testWishListPageIsDisplayed</h3><table class="result"><tr><th>Exception</th></tr><tr><td><div class="stacktrace">org.openqa.selenium.SessionNotCreatedException: session not created: This version of ChromeDriver only supports Chrome version 80
Build info: version: &apos;3.141.59&apos;, revision: &apos;e82be7d358&apos;, time: &apos;2018-11-14T08:17:03&apos;
System info: host: &apos;EPBYMINW3264&apos;, ip: &apos;100.64.100.82&apos;, os.name: &apos;Windows 10&apos;, os.arch: &apos;amd64&apos;, os.version: &apos;10.0&apos;, java.version: &apos;1.8.0_201&apos;
Driver info: driver.version: ChromeDriver
remote stacktrace: Backtrace:
	Ordinal0 [0x005D0C83+1707139]
	Ordinal0 [0x005368F1+1075441]
	Ordinal0 [0x004ADFC9+516041]
	Ordinal0 [0x00440554+66900]
	Ordinal0 [0x0043CCE2+52450]
	Ordinal0 [0x0045BFD7+180183]
	Ordinal0 [0x0045BDDD+179677]
	Ordinal0 [0x00459D4B+171339]
	Ordinal0 [0x00441D4A+73034]
	Ordinal0 [0x00442DC0+77248]
	Ordinal0 [0x00442D59+77145]
	Ordinal0 [0x0054BB67+1162087]
	GetHandleVerifier [0x0066A966+508998]
	GetHandleVerifier [0x0066A6A4+508292]
	GetHandleVerifier [0x0067F7B7+594583]
	GetHandleVerifier [0x0066B1D6+511158]
	Ordinal0 [0x0054402C+1130540]
	Ordinal0 [0x0054D4CB+1168587]
	Ordinal0 [0x0054D633+1168947]
	Ordinal0 [0x00565B35+1268533]
	BaseThreadInitThunk [0x76026359+25]
	RtlGetAppContainerNamedObjectPath [0x77BB7C24+228]
	RtlGetAppContainerNamedObjectPath [0x77BB7BF4+180]

	at org.openqa.selenium.remote.W3CHandshakeResponse.lambda$errorHandler$0(W3CHandshakeResponse.java:62)
	at org.openqa.selenium.remote.HandshakeResponse.lambda$getResponseFunction$0(HandshakeResponse.java:30)
	at org.openqa.selenium.remote.ProtocolHandshake.lambda$createSession$0(ProtocolHandshake.java:126)
	at java.util.stream.ReferencePipeline$3$1.accept(ReferencePipeline.java:193)
	at java.util.Spliterators$ArraySpliterator.tryAdvance(Spliterators.java:958)
	at java.util.stream.ReferencePipeline.forEachWithCancel(ReferencePipeline.java:126)
	at java.util.stream.AbstractPipeline.copyIntoWithCancel(AbstractPipeline.java:498)
	at java.util.stream.AbstractPipeline.copyInto(AbstractPipeline.java:485)
	at java.util.stream.AbstractPipeline.wrapAndCopyInto(AbstractPipeline.java:471)
	at java.util.stream.FindOps$FindOp.evaluateSequential(FindOps.java:152)
	at java.util.stream.AbstractPipeline.evaluate(AbstractPipeline.java:234)
	at java.util.stream.ReferencePipeline.findFirst(ReferencePipeline.java:464)
	at org.openqa.selenium.remote.ProtocolHandshake.createSession(ProtocolHandshake.java:128)
	at org.openqa.selenium.remote.ProtocolHandshake.createSession(ProtocolHandshake.java:74)
	at org.openqa.selenium.remote.HttpCommandExecutor.execute(HttpCommandExecutor.java:136)
	at org.openqa.selenium.remote.service.DriverCommandExecutor.execute(DriverCommandExecutor.java:83)
	at org.openqa.selenium.remote.RemoteWebDriver.execute(RemoteWebDriver.java:552)
	at org.openqa.selenium.remote.RemoteWebDriver.startSession(RemoteWebDriver.java:213)
	at org.openqa.selenium.remote.RemoteWebDriver.&lt;init&gt;(RemoteWebDriver.java:131)
	at org.openqa.selenium.chrome.ChromeDriver.&lt;init&gt;(ChromeDriver.java:181)
	at org.openqa.selenium.chrome.ChromeDriver.&lt;init&gt;(ChromeDriver.java:168)
	at org.openqa.selenium.chrome.ChromeDriver.&lt;init&gt;(ChromeDriver.java:123)
	at pages.basepagesconfiguration.BasePageClass.initializeDriver(BasePageClass.java:42)
	at pages.basepagesconfiguration.BasePageClass.setUp(BasePageClass.java:56)
	at java.util.concurrent.FutureTask.run(FutureTask.java:266)
	at java.util.concurrent.ThreadPoolExecutor.runWorker(ThreadPoolExecutor.java:1149)
	at java.util.concurrent.ThreadPoolExecutor$Worker.run(ThreadPoolExecutor.java:624)
	at java.lang.Thread.run(Thread.java:748)
... Removed 21 stack frames</div></td></tr></table><p class="totop"><a href="#summary">back to summary</a></p>
<h3 id="m19">tests.VerifyLoginFunctionality#testLoginOption</h3><table class="result"><tr><th>Exception</th></tr><tr><td><div class="stacktrace">org.openqa.selenium.SessionNotCreatedException: session not created: This version of ChromeDriver only supports Chrome version 80
Build info: version: &apos;3.141.59&apos;, revision: &apos;e82be7d358&apos;, time: &apos;2018-11-14T08:17:03&apos;
System info: host: &apos;EPBYMINW3264&apos;, ip: &apos;100.64.100.82&apos;, os.name: &apos;Windows 10&apos;, os.arch: &apos;amd64&apos;, os.version: &apos;10.0&apos;, java.version: &apos;1.8.0_201&apos;
Driver info: driver.version: ChromeDriver
remote stacktrace: Backtrace:
	Ordinal0 [0x005D0C83+1707139]
	Ordinal0 [0x005368F1+1075441]
	Ordinal0 [0x004ADFC9+516041]
	Ordinal0 [0x00440554+66900]
	Ordinal0 [0x0043CCE2+52450]
	Ordinal0 [0x0045BFD7+180183]
	Ordinal0 [0x0045BDDD+179677]
	Ordinal0 [0x00459D4B+171339]
	Ordinal0 [0x00441D4A+73034]
	Ordinal0 [0x00442DC0+77248]
	Ordinal0 [0x00442D59+77145]
	Ordinal0 [0x0054BB67+1162087]
	GetHandleVerifier [0x0066A966+508998]
	GetHandleVerifier [0x0066A6A4+508292]
	GetHandleVerifier [0x0067F7B7+594583]
	GetHandleVerifier [0x0066B1D6+511158]
	Ordinal0 [0x0054402C+1130540]
	Ordinal0 [0x0054D4CB+1168587]
	Ordinal0 [0x0054D633+1168947]
	Ordinal0 [0x00565B35+1268533]
	BaseThreadInitThunk [0x76026359+25]
	RtlGetAppContainerNamedObjectPath [0x77BB7C24+228]
	RtlGetAppContainerNamedObjectPath [0x77BB7BF4+180]

	at org.openqa.selenium.remote.W3CHandshakeResponse.lambda$errorHandler$0(W3CHandshakeResponse.java:62)
	at org.openqa.selenium.remote.HandshakeResponse.lambda$getResponseFunction$0(HandshakeResponse.java:30)
	at org.openqa.selenium.remote.ProtocolHandshake.lambda$createSession$0(ProtocolHandshake.java:126)
	at java.util.stream.ReferencePipeline$3$1.accept(ReferencePipeline.java:193)
	at java.util.Spliterators$ArraySpliterator.tryAdvance(Spliterators.java:958)
	at java.util.stream.ReferencePipeline.forEachWithCancel(ReferencePipeline.java:126)
	at java.util.stream.AbstractPipeline.copyIntoWithCancel(AbstractPipeline.java:498)
	at java.util.stream.AbstractPipeline.copyInto(AbstractPipeline.java:485)
	at java.util.stream.AbstractPipeline.wrapAndCopyInto(AbstractPipeline.java:471)
	at java.util.stream.FindOps$FindOp.evaluateSequential(FindOps.java:152)
	at java.util.stream.AbstractPipeline.evaluate(AbstractPipeline.java:234)
	at java.util.stream.ReferencePipeline.findFirst(ReferencePipeline.java:464)
	at org.openqa.selenium.remote.ProtocolHandshake.createSession(ProtocolHandshake.java:128)
	at org.openqa.selenium.remote.ProtocolHandshake.createSession(ProtocolHandshake.java:74)
	at org.openqa.selenium.remote.HttpCommandExecutor.execute(HttpCommandExecutor.java:136)
	at org.openqa.selenium.remote.service.DriverCommandExecutor.execute(DriverCommandExecutor.java:83)
	at org.openqa.selenium.remote.RemoteWebDriver.execute(RemoteWebDriver.java:552)
	at org.openqa.selenium.remote.RemoteWebDriver.startSession(RemoteWebDriver.java:213)
	at org.openqa.selenium.remote.RemoteWebDriver.&lt;init&gt;(RemoteWebDriver.java:131)
	at org.openqa.selenium.chrome.ChromeDriver.&lt;init&gt;(ChromeDriver.java:181)
	at org.openqa.selenium.chrome.ChromeDriver.&lt;init&gt;(ChromeDriver.java:168)
	at org.openqa.selenium.chrome.ChromeDriver.&lt;init&gt;(ChromeDriver.java:123)
	at pages.basepagesconfiguration.BasePageClass.initializeDriver(BasePageClass.java:42)
	at pages.basepagesconfiguration.BasePageClass.setUp(BasePageClass.java:56)
	at java.util.concurrent.FutureTask.run(FutureTask.java:266)
	at java.util.concurrent.ThreadPoolExecutor.runWorker(ThreadPoolExecutor.java:1149)
	at java.util.concurrent.ThreadPoolExecutor$Worker.run(ThreadPoolExecutor.java:624)
	at java.lang.Thread.run(Thread.java:748)
... Removed 21 stack frames</div></td></tr></table><p class="totop"><a href="#summary">back to summary</a></p>
<h3 id="m20">tests.VerifyProductAdditionToComparasionList#testProductAdditionToTheList</h3><table class="result"><tr><th>Exception</th></tr><tr><td><div class="stacktrace">org.openqa.selenium.SessionNotCreatedException: session not created: This version of ChromeDriver only supports Chrome version 80
Build info: version: &apos;3.141.59&apos;, revision: &apos;e82be7d358&apos;, time: &apos;2018-11-14T08:17:03&apos;
System info: host: &apos;EPBYMINW3264&apos;, ip: &apos;100.64.100.82&apos;, os.name: &apos;Windows 10&apos;, os.arch: &apos;amd64&apos;, os.version: &apos;10.0&apos;, java.version: &apos;1.8.0_201&apos;
Driver info: driver.version: ChromeDriver
remote stacktrace: Backtrace:
	Ordinal0 [0x005D0C83+1707139]
	Ordinal0 [0x005368F1+1075441]
	Ordinal0 [0x004ADFC9+516041]
	Ordinal0 [0x00440554+66900]
	Ordinal0 [0x0043CCE2+52450]
	Ordinal0 [0x0045BFD7+180183]
	Ordinal0 [0x0045BDDD+179677]
	Ordinal0 [0x00459D4B+171339]
	Ordinal0 [0x00441D4A+73034]
	Ordinal0 [0x00442DC0+77248]
	Ordinal0 [0x00442D59+77145]
	Ordinal0 [0x0054BB67+1162087]
	GetHandleVerifier [0x0066A966+508998]
	GetHandleVerifier [0x0066A6A4+508292]
	GetHandleVerifier [0x0067F7B7+594583]
	GetHandleVerifier [0x0066B1D6+511158]
	Ordinal0 [0x0054402C+1130540]
	Ordinal0 [0x0054D4CB+1168587]
	Ordinal0 [0x0054D633+1168947]
	Ordinal0 [0x00565B35+1268533]
	BaseThreadInitThunk [0x76026359+25]
	RtlGetAppContainerNamedObjectPath [0x77BB7C24+228]
	RtlGetAppContainerNamedObjectPath [0x77BB7BF4+180]

	at org.openqa.selenium.remote.W3CHandshakeResponse.lambda$errorHandler$0(W3CHandshakeResponse.java:62)
	at org.openqa.selenium.remote.HandshakeResponse.lambda$getResponseFunction$0(HandshakeResponse.java:30)
	at org.openqa.selenium.remote.ProtocolHandshake.lambda$createSession$0(ProtocolHandshake.java:126)
	at java.util.stream.ReferencePipeline$3$1.accept(ReferencePipeline.java:193)
	at java.util.Spliterators$ArraySpliterator.tryAdvance(Spliterators.java:958)
	at java.util.stream.ReferencePipeline.forEachWithCancel(ReferencePipeline.java:126)
	at java.util.stream.AbstractPipeline.copyIntoWithCancel(AbstractPipeline.java:498)
	at java.util.stream.AbstractPipeline.copyInto(AbstractPipeline.java:485)
	at java.util.stream.AbstractPipeline.wrapAndCopyInto(AbstractPipeline.java:471)
	at java.util.stream.FindOps$FindOp.evaluateSequential(FindOps.java:152)
	at java.util.stream.AbstractPipeline.evaluate(AbstractPipeline.java:234)
	at java.util.stream.ReferencePipeline.findFirst(ReferencePipeline.java:464)
	at org.openqa.selenium.remote.ProtocolHandshake.createSession(ProtocolHandshake.java:128)
	at org.openqa.selenium.remote.ProtocolHandshake.createSession(ProtocolHandshake.java:74)
	at org.openqa.selenium.remote.HttpCommandExecutor.execute(HttpCommandExecutor.java:136)
	at org.openqa.selenium.remote.service.DriverCommandExecutor.execute(DriverCommandExecutor.java:83)
	at org.openqa.selenium.remote.RemoteWebDriver.execute(RemoteWebDriver.java:552)
	at org.openqa.selenium.remote.RemoteWebDriver.startSession(RemoteWebDriver.java:213)
	at org.openqa.selenium.remote.RemoteWebDriver.&lt;init&gt;(RemoteWebDriver.java:131)
	at org.openqa.selenium.chrome.ChromeDriver.&lt;init&gt;(ChromeDriver.java:181)
	at org.openqa.selenium.chrome.ChromeDriver.&lt;init&gt;(ChromeDriver.java:168)
	at org.openqa.selenium.chrome.ChromeDriver.&lt;init&gt;(ChromeDriver.java:123)
	at pages.basepagesconfiguration.BasePageClass.initializeDriver(BasePageClass.java:42)
	at pages.basepagesconfiguration.BasePageClass.setUp(BasePageClass.java:56)
	at java.util.concurrent.FutureTask.run(FutureTask.java:266)
	at java.util.concurrent.ThreadPoolExecutor.runWorker(ThreadPoolExecutor.java:1149)
	at java.util.concurrent.ThreadPoolExecutor$Worker.run(ThreadPoolExecutor.java:624)
	at java.lang.Thread.run(Thread.java:748)
... Removed 21 stack frames</div></td></tr></table><p class="totop"><a href="#summary">back to summary</a></p>
<h3 id="m21">tests.VerifyProductIsAddedToCard#testAdditionProductToCard</h3><table class="result"><tr><th>Exception</th></tr><tr><td><div class="stacktrace">org.openqa.selenium.SessionNotCreatedException: session not created: This version of ChromeDriver only supports Chrome version 80
Build info: version: &apos;3.141.59&apos;, revision: &apos;e82be7d358&apos;, time: &apos;2018-11-14T08:17:03&apos;
System info: host: &apos;EPBYMINW3264&apos;, ip: &apos;100.64.100.82&apos;, os.name: &apos;Windows 10&apos;, os.arch: &apos;amd64&apos;, os.version: &apos;10.0&apos;, java.version: &apos;1.8.0_201&apos;
Driver info: driver.version: ChromeDriver
remote stacktrace: Backtrace:
	Ordinal0 [0x005D0C83+1707139]
	Ordinal0 [0x005368F1+1075441]
	Ordinal0 [0x004ADFC9+516041]
	Ordinal0 [0x00440554+66900]
	Ordinal0 [0x0043CCE2+52450]
	Ordinal0 [0x0045BFD7+180183]
	Ordinal0 [0x0045BDDD+179677]
	Ordinal0 [0x00459D4B+171339]
	Ordinal0 [0x00441D4A+73034]
	Ordinal0 [0x00442DC0+77248]
	Ordinal0 [0x00442D59+77145]
	Ordinal0 [0x0054BB67+1162087]
	GetHandleVerifier [0x0066A966+508998]
	GetHandleVerifier [0x0066A6A4+508292]
	GetHandleVerifier [0x0067F7B7+594583]
	GetHandleVerifier [0x0066B1D6+511158]
	Ordinal0 [0x0054402C+1130540]
	Ordinal0 [0x0054D4CB+1168587]
	Ordinal0 [0x0054D633+1168947]
	Ordinal0 [0x00565B35+1268533]
	BaseThreadInitThunk [0x76026359+25]
	RtlGetAppContainerNamedObjectPath [0x77BB7C24+228]
	RtlGetAppContainerNamedObjectPath [0x77BB7BF4+180]

	at org.openqa.selenium.remote.W3CHandshakeResponse.lambda$errorHandler$0(W3CHandshakeResponse.java:62)
	at org.openqa.selenium.remote.HandshakeResponse.lambda$getResponseFunction$0(HandshakeResponse.java:30)
	at org.openqa.selenium.remote.ProtocolHandshake.lambda$createSession$0(ProtocolHandshake.java:126)
	at java.util.stream.ReferencePipeline$3$1.accept(ReferencePipeline.java:193)
	at java.util.Spliterators$ArraySpliterator.tryAdvance(Spliterators.java:958)
	at java.util.stream.ReferencePipeline.forEachWithCancel(ReferencePipeline.java:126)
	at java.util.stream.AbstractPipeline.copyIntoWithCancel(AbstractPipeline.java:498)
	at java.util.stream.AbstractPipeline.copyInto(AbstractPipeline.java:485)
	at java.util.stream.AbstractPipeline.wrapAndCopyInto(AbstractPipeline.java:471)
	at java.util.stream.FindOps$FindOp.evaluateSequential(FindOps.java:152)
	at java.util.stream.AbstractPipeline.evaluate(AbstractPipeline.java:234)
	at java.util.stream.ReferencePipeline.findFirst(ReferencePipeline.java:464)
	at org.openqa.selenium.remote.ProtocolHandshake.createSession(ProtocolHandshake.java:128)
	at org.openqa.selenium.remote.ProtocolHandshake.createSession(ProtocolHandshake.java:74)
	at org.openqa.selenium.remote.HttpCommandExecutor.execute(HttpCommandExecutor.java:136)
	at org.openqa.selenium.remote.service.DriverCommandExecutor.execute(DriverCommandExecutor.java:83)
	at org.openqa.selenium.remote.RemoteWebDriver.execute(RemoteWebDriver.java:552)
	at org.openqa.selenium.remote.RemoteWebDriver.startSession(RemoteWebDriver.java:213)
	at org.openqa.selenium.remote.RemoteWebDriver.&lt;init&gt;(RemoteWebDriver.java:131)
	at org.openqa.selenium.chrome.ChromeDriver.&lt;init&gt;(ChromeDriver.java:181)
	at org.openqa.selenium.chrome.ChromeDriver.&lt;init&gt;(ChromeDriver.java:168)
	at org.openqa.selenium.chrome.ChromeDriver.&lt;init&gt;(ChromeDriver.java:123)
	at pages.basepagesconfiguration.BasePageClass.initializeDriver(BasePageClass.java:42)
	at pages.basepagesconfiguration.BasePageClass.setUp(BasePageClass.java:56)
	at java.util.concurrent.FutureTask.run(FutureTask.java:266)
	at java.util.concurrent.ThreadPoolExecutor.runWorker(ThreadPoolExecutor.java:1149)
	at java.util.concurrent.ThreadPoolExecutor$Worker.run(ThreadPoolExecutor.java:624)
	at java.lang.Thread.run(Thread.java:748)
... Removed 21 stack frames</div></td></tr></table><p class="totop"><a href="#summary">back to summary</a></p>
<h3 id="m22">tests.VerifyProductsCatalogOptions#testChooseProductFromCatalog</h3><table class="result"><tr><th>Exception</th></tr><tr><td><div class="stacktrace">org.openqa.selenium.SessionNotCreatedException: session not created: This version of ChromeDriver only supports Chrome version 80
Build info: version: &apos;3.141.59&apos;, revision: &apos;e82be7d358&apos;, time: &apos;2018-11-14T08:17:03&apos;
System info: host: &apos;EPBYMINW3264&apos;, ip: &apos;100.64.100.82&apos;, os.name: &apos;Windows 10&apos;, os.arch: &apos;amd64&apos;, os.version: &apos;10.0&apos;, java.version: &apos;1.8.0_201&apos;
Driver info: driver.version: ChromeDriver
remote stacktrace: Backtrace:
	Ordinal0 [0x005D0C83+1707139]
	Ordinal0 [0x005368F1+1075441]
	Ordinal0 [0x004ADFC9+516041]
	Ordinal0 [0x00440554+66900]
	Ordinal0 [0x0043CCE2+52450]
	Ordinal0 [0x0045BFD7+180183]
	Ordinal0 [0x0045BDDD+179677]
	Ordinal0 [0x00459D4B+171339]
	Ordinal0 [0x00441D4A+73034]
	Ordinal0 [0x00442DC0+77248]
	Ordinal0 [0x00442D59+77145]
	Ordinal0 [0x0054BB67+1162087]
	GetHandleVerifier [0x0066A966+508998]
	GetHandleVerifier [0x0066A6A4+508292]
	GetHandleVerifier [0x0067F7B7+594583]
	GetHandleVerifier [0x0066B1D6+511158]
	Ordinal0 [0x0054402C+1130540]
	Ordinal0 [0x0054D4CB+1168587]
	Ordinal0 [0x0054D633+1168947]
	Ordinal0 [0x00565B35+1268533]
	BaseThreadInitThunk [0x76026359+25]
	RtlGetAppContainerNamedObjectPath [0x77BB7C24+228]
	RtlGetAppContainerNamedObjectPath [0x77BB7BF4+180]

	at org.openqa.selenium.remote.W3CHandshakeResponse.lambda$errorHandler$0(W3CHandshakeResponse.java:62)
	at org.openqa.selenium.remote.HandshakeResponse.lambda$getResponseFunction$0(HandshakeResponse.java:30)
	at org.openqa.selenium.remote.ProtocolHandshake.lambda$createSession$0(ProtocolHandshake.java:126)
	at java.util.stream.ReferencePipeline$3$1.accept(ReferencePipeline.java:193)
	at java.util.Spliterators$ArraySpliterator.tryAdvance(Spliterators.java:958)
	at java.util.stream.ReferencePipeline.forEachWithCancel(ReferencePipeline.java:126)
	at java.util.stream.AbstractPipeline.copyIntoWithCancel(AbstractPipeline.java:498)
	at java.util.stream.AbstractPipeline.copyInto(AbstractPipeline.java:485)
	at java.util.stream.AbstractPipeline.wrapAndCopyInto(AbstractPipeline.java:471)
	at java.util.stream.FindOps$FindOp.evaluateSequential(FindOps.java:152)
	at java.util.stream.AbstractPipeline.evaluate(AbstractPipeline.java:234)
	at java.util.stream.ReferencePipeline.findFirst(ReferencePipeline.java:464)
	at org.openqa.selenium.remote.ProtocolHandshake.createSession(ProtocolHandshake.java:128)
	at org.openqa.selenium.remote.ProtocolHandshake.createSession(ProtocolHandshake.java:74)
	at org.openqa.selenium.remote.HttpCommandExecutor.execute(HttpCommandExecutor.java:136)
	at org.openqa.selenium.remote.service.DriverCommandExecutor.execute(DriverCommandExecutor.java:83)
	at org.openqa.selenium.remote.RemoteWebDriver.execute(RemoteWebDriver.java:552)
	at org.openqa.selenium.remote.RemoteWebDriver.startSession(RemoteWebDriver.java:213)
	at org.openqa.selenium.remote.RemoteWebDriver.&lt;init&gt;(RemoteWebDriver.java:131)
	at org.openqa.selenium.chrome.ChromeDriver.&lt;init&gt;(ChromeDriver.java:181)
	at org.openqa.selenium.chrome.ChromeDriver.&lt;init&gt;(ChromeDriver.java:168)
	at org.openqa.selenium.chrome.ChromeDriver.&lt;init&gt;(ChromeDriver.java:123)
	at pages.basepagesconfiguration.BasePageClass.initializeDriver(BasePageClass.java:42)
	at pages.basepagesconfiguration.BasePageClass.setUp(BasePageClass.java:56)
	at java.util.concurrent.FutureTask.run(FutureTask.java:266)
	at java.util.concurrent.ThreadPoolExecutor.runWorker(ThreadPoolExecutor.java:1149)
	at java.util.concurrent.ThreadPoolExecutor$Worker.run(ThreadPoolExecutor.java:624)
	at java.lang.Thread.run(Thread.java:748)
... Removed 21 stack frames</div></td></tr></table><p class="totop"><a href="#summary">back to summary</a></p>
</body>
</html>
