<?xml version="1.0" encoding="UTF-8"?>
<!-- Generated by org.testng.reporters.JUnitReportReporter -->
<testsuite skipped="1" hostname="EPBYMINW3264" name="tests.VerifyProductIsAddedToCard" tests="2" failures="0" timestamp="24 Jun 2020 10:57:59 GMT" time="1.349" errors="1">
  <testcase name="setUp" time="1.349" classname="tests.VerifyProductIsAddedToCard">
    <error type="org.openqa.selenium.SessionNotCreatedException" message="session not created: This version of ChromeDriver only supports Chrome version 80
Build info: version: &#039;3.141.59&#039;, revision: &#039;e82be7d358&#039;, time: &#039;2018-11-14T08:17:03&#039;
System info: host: &#039;EPBYMINW3264&#039;, ip: &#039;100.64.100.82&#039;, os.name: &#039;Windows 10&#039;, os.arch: &#039;amd64&#039;, os.version: &#039;10.0&#039;, java.version: &#039;1.8.0_201&#039;
Driver info: driver.version: ChromeDriver
remote stacktrace: Backtrace:
	Ordinal0 [0x005D0C83+1707139]
	Ordinal0 [0x005368F1+1075441]
	Ordinal0 [0x004ADFC9+516041]
	Ordinal0 [0x00440554+66900]
	Ordinal0 [0x0043CCE2+52450]
	Ordinal0 [0x0045BFD7+180183]
	Ordinal0 [0x0045BDDD+179677]
	Ordinal0 [0x00459D4B+171339]
	Ordinal0 [0x00441D4A+73034]
	Ordinal0 [0x00442DC0+77248]
	Ordinal0 [0x00442D59+77145]
	Ordinal0 [0x0054BB67+1162087]
	GetHandleVerifier [0x0066A966+508998]
	GetHandleVerifier [0x0066A6A4+508292]
	GetHandleVerifier [0x0067F7B7+594583]
	GetHandleVerifier [0x0066B1D6+511158]
	Ordinal0 [0x0054402C+1130540]
	Ordinal0 [0x0054D4CB+1168587]
	Ordinal0 [0x0054D633+1168947]
	Ordinal0 [0x00565B35+1268533]
	BaseThreadInitThunk [0x76026359+25]
	RtlGetAppContainerNamedObjectPath [0x77BB7C24+228]
	RtlGetAppContainerNamedObjectPath [0x77BB7BF4+180]
">
      <![CDATA[org.openqa.selenium.SessionNotCreatedException: session not created: This version of ChromeDriver only supports Chrome version 80
Build info: version: '3.141.59', revision: 'e82be7d358', time: '2018-11-14T08:17:03'
System info: host: 'EPBYMINW3264', ip: '100.64.100.82', os.name: 'Windows 10', os.arch: 'amd64', os.version: '10.0', java.version: '1.8.0_201'
Driver info: driver.version: ChromeDriver
remote stacktrace: Backtrace:
Ordinal0 [0x005D0C83+1707139]
Ordinal0 [0x005368F1+1075441]
Ordinal0 [0x004ADFC9+516041]
Ordinal0 [0x00440554+66900]
Ordinal0 [0x0043CCE2+52450]
Ordinal0 [0x0045BFD7+180183]
Ordinal0 [0x0045BDDD+179677]
Ordinal0 [0x00459D4B+171339]
Ordinal0 [0x00441D4A+73034]
Ordinal0 [0x00442DC0+77248]
Ordinal0 [0x00442D59+77145]
Ordinal0 [0x0054BB67+1162087]
GetHandleVerifier [0x0066A966+508998]
GetHandleVerifier [0x0066A6A4+508292]
GetHandleVerifier [0x0067F7B7+594583]
GetHandleVerifier [0x0066B1D6+511158]
Ordinal0 [0x0054402C+1130540]
Ordinal0 [0x0054D4CB+1168587]
Ordinal0 [0x0054D633+1168947]
Ordinal0 [0x00565B35+1268533]
BaseThreadInitThunk [0x76026359+25]
RtlGetAppContainerNamedObjectPath [0x77BB7C24+228]
RtlGetAppContainerNamedObjectPath [0x77BB7BF4+180]

at sun.reflect.NativeConstructorAccessorImpl.newInstance0(Native Method)
at sun.reflect.NativeConstructorAccessorImpl.newInstance(NativeConstructorAccessorImpl.java:62)
at sun.reflect.DelegatingConstructorAccessorImpl.newInstance(DelegatingConstructorAccessorImpl.java:45)
at java.lang.reflect.Constructor.newInstance(Constructor.java:423)
at org.openqa.selenium.remote.W3CHandshakeResponse.lambda$errorHandler$0(W3CHandshakeResponse.java:62)
at org.openqa.selenium.remote.HandshakeResponse.lambda$getResponseFunction$0(HandshakeResponse.java:30)
at org.openqa.selenium.remote.ProtocolHandshake.lambda$createSession$0(ProtocolHandshake.java:126)
at java.util.stream.ReferencePipeline$3$1.accept(ReferencePipeline.java:193)
at java.util.Spliterators$ArraySpliterator.tryAdvance(Spliterators.java:958)
at java.util.stream.ReferencePipeline.forEachWithCancel(ReferencePipeline.java:126)
at java.util.stream.AbstractPipeline.copyIntoWithCancel(AbstractPipeline.java:498)
at java.util.stream.AbstractPipeline.copyInto(AbstractPipeline.java:485)
at java.util.stream.AbstractPipeline.wrapAndCopyInto(AbstractPipeline.java:471)
at java.util.stream.FindOps$FindOp.evaluateSequential(FindOps.java:152)
at java.util.stream.AbstractPipeline.evaluate(AbstractPipeline.java:234)
at java.util.stream.ReferencePipeline.findFirst(ReferencePipeline.java:464)
at org.openqa.selenium.remote.ProtocolHandshake.createSession(ProtocolHandshake.java:128)
at org.openqa.selenium.remote.ProtocolHandshake.createSession(ProtocolHandshake.java:74)
at org.openqa.selenium.remote.HttpCommandExecutor.execute(HttpCommandExecutor.java:136)
at org.openqa.selenium.remote.service.DriverCommandExecutor.execute(DriverCommandExecutor.java:83)
at org.openqa.selenium.remote.RemoteWebDriver.execute(RemoteWebDriver.java:552)
at org.openqa.selenium.remote.RemoteWebDriver.startSession(RemoteWebDriver.java:213)
at org.openqa.selenium.remote.RemoteWebDriver.<init>(RemoteWebDriver.java:131)
at org.openqa.selenium.chrome.ChromeDriver.<init>(ChromeDriver.java:181)
at org.openqa.selenium.chrome.ChromeDriver.<init>(ChromeDriver.java:168)
at org.openqa.selenium.chrome.ChromeDriver.<init>(ChromeDriver.java:123)
at pages.basepagesconfiguration.BasePageClass.initializeDriver(BasePageClass.java:42)
at pages.basepagesconfiguration.BasePageClass.setUp(BasePageClass.java:56)
at sun.reflect.NativeMethodAccessorImpl.invoke0(Native Method)
at sun.reflect.NativeMethodAccessorImpl.invoke(NativeMethodAccessorImpl.java:62)
at sun.reflect.DelegatingMethodAccessorImpl.invoke(DelegatingMethodAccessorImpl.java:43)
at java.lang.reflect.Method.invoke(Method.java:498)
at org.testng.internal.MethodInvocationHelper.invokeMethod(MethodInvocationHelper.java:124)
at org.testng.internal.MethodInvocationHelper.invokeMethodConsideringTimeout(MethodInvocationHelper.java:59)
at org.testng.internal.Invoker.invokeConfigurationMethod(Invoker.java:458)
at org.testng.internal.Invoker.invokeConfigurations(Invoker.java:222)
at org.testng.internal.Invoker.invokeConfigurations(Invoker.java:142)
at org.testng.internal.TestMethodWorker.invokeBeforeClassMethods(TestMethodWorker.java:168)
at org.testng.internal.TestMethodWorker.run(TestMethodWorker.java:105)
at org.testng.TestRunner.privateRun(TestRunner.java:648)
at org.testng.TestRunner.run(TestRunner.java:505)
at org.testng.SuiteRunner.runTest(SuiteRunner.java:455)
at org.testng.SuiteRunner.access$000(SuiteRunner.java:40)
at org.testng.SuiteRunner$SuiteWorker.run(SuiteRunner.java:489)
at org.testng.internal.thread.ThreadUtil$1.call(ThreadUtil.java:52)
at java.util.concurrent.FutureTask.run(FutureTask.java:266)
at java.util.concurrent.ThreadPoolExecutor.runWorker(ThreadPoolExecutor.java:1149)
at java.util.concurrent.ThreadPoolExecutor$Worker.run(ThreadPoolExecutor.java:624)
at java.lang.Thread.run(Thread.java:748)
]]>
    </error>
  </testcase> <!-- setUp -->
  <testcase name="testAdditionProductToCard" time="0.000" classname="tests.VerifyProductIsAddedToCard">
    <skipped/>
  </testcase> <!-- testAdditionProductToCard -->
</testsuite> <!-- tests.VerifyProductIsAddedToCard -->
